CRITICAL - 2022-01-31 02:12:02 --> A non-numeric value encountered
#0 D:\xampp\htdocs\tokobuku\app\Controllers\Penjualan.php(59): CodeIgniter\Debug\Exceptions->errorHandler(2, 'A non-numeric v...', 'D:\\xampp\\htdocs...', 59, Array)
#1 D:\xampp\htdocs\tokobuku\app\Controllers\Penjualan.php(42): App\Controllers\Penjualan->showCart()
#2 D:\xampp\htdocs\tokobuku\vendor\codeigniter4\framework\system\CodeIgniter.php(825): App\Controllers\Penjualan->loadCart()
#3 D:\xampp\htdocs\tokobuku\vendor\codeigniter4\framework\system\CodeIgniter.php(412): CodeIgniter\CodeIgniter->runController(Object(App\Controllers\Penjualan))
#4 D:\xampp\htdocs\tokobuku\vendor\codeigniter4\framework\system\CodeIgniter.php(320): CodeIgniter\CodeIgniter->handleRequest(NULL, Object(Config\Cache), false)
#5 D:\xampp\htdocs\tokobuku\public\index.php(37): CodeIgniter\CodeIgniter->run()
#6 D:\xampp\htdocs\tokobuku\vendor\codeigniter4\framework\system\Commands\Server\rewrite.php(43): require_once('D:\\xampp\\htdocs...')
#7 {main}
CRITICAL - 2022-01-31 02:12:19 --> A non-numeric value encountered
#0 D:\xampp\htdocs\tokobuku\app\Controllers\Penjualan.php(59): CodeIgniter\Debug\Exceptions->errorHandler(2, 'A non-numeric v...', 'D:\\xampp\\htdocs...', 59, Array)
#1 D:\xampp\htdocs\tokobuku\app\Controllers\Penjualan.php(42): App\Controllers\Penjualan->showCart()
#2 D:\xampp\htdocs\tokobuku\vendor\codeigniter4\framework\system\CodeIgniter.php(825): App\Controllers\Penjualan->loadCart()
#3 D:\xampp\htdocs\tokobuku\vendor\codeigniter4\framework\system\CodeIgniter.php(412): CodeIgniter\CodeIgniter->runController(Object(App\Controllers\Penjualan))
#4 D:\xampp\htdocs\tokobuku\vendor\codeigniter4\framework\system\CodeIgniter.php(320): CodeIgniter\CodeIgniter->handleRequest(NULL, Object(Config\Cache), false)
#5 D:\xampp\htdocs\tokobuku\public\index.php(37): CodeIgniter\CodeIgniter->run()
#6 D:\xampp\htdocs\tokobuku\vendor\codeigniter4\framework\system\Commands\Server\rewrite.php(43): require_once('D:\\xampp\\htdocs...')
#7 {main}
CRITICAL - 2022-01-31 02:12:26 --> A non-numeric value encountered
#0 D:\xampp\htdocs\tokobuku\app\Controllers\Penjualan.php(59): CodeIgniter\Debug\Exceptions->errorHandler(2, 'A non-numeric v...', 'D:\\xampp\\htdocs...', 59, Array)
#1 D:\xampp\htdocs\tokobuku\app\Controllers\Penjualan.php(42): App\Controllers\Penjualan->showCart()
#2 D:\xampp\htdocs\tokobuku\vendor\codeigniter4\framework\system\CodeIgniter.php(825): App\Controllers\Penjualan->loadCart()
#3 D:\xampp\htdocs\tokobuku\vendor\codeigniter4\framework\system\CodeIgniter.php(412): CodeIgniter\CodeIgniter->runController(Object(App\Controllers\Penjualan))
#4 D:\xampp\htdocs\tokobuku\vendor\codeigniter4\framework\system\CodeIgniter.php(320): CodeIgniter\CodeIgniter->handleRequest(NULL, Object(Config\Cache), false)
#5 D:\xampp\htdocs\tokobuku\public\index.php(37): CodeIgniter\CodeIgniter->run()
#6 D:\xampp\htdocs\tokobuku\vendor\codeigniter4\framework\system\Commands\Server\rewrite.php(43): require_once('D:\\xampp\\htdocs...')
#7 {main}
CRITICAL - 2022-01-31 02:12:37 --> A non-numeric value encountered
#0 D:\xampp\htdocs\tokobuku\app\Controllers\Penjualan.php(59): CodeIgniter\Debug\Exceptions->errorHandler(2, 'A non-numeric v...', 'D:\\xampp\\htdocs...', 59, Array)
#1 D:\xampp\htdocs\tokobuku\app\Controllers\Penjualan.php(42): App\Controllers\Penjualan->showCart()
#2 D:\xampp\htdocs\tokobuku\vendor\codeigniter4\framework\system\CodeIgniter.php(825): App\Controllers\Penjualan->loadCart()
#3 D:\xampp\htdocs\tokobuku\vendor\codeigniter4\framework\system\CodeIgniter.php(412): CodeIgniter\CodeIgniter->runController(Object(App\Controllers\Penjualan))
#4 D:\xampp\htdocs\tokobuku\vendor\codeigniter4\framework\system\CodeIgniter.php(320): CodeIgniter\CodeIgniter->handleRequest(NULL, Object(Config\Cache), false)
#5 D:\xampp\htdocs\tokobuku\public\index.php(37): CodeIgniter\CodeIgniter->run()
#6 D:\xampp\htdocs\tokobuku\vendor\codeigniter4\framework\system\Commands\Server\rewrite.php(43): require_once('D:\\xampp\\htdocs...')
#7 {main}
CRITICAL - 2022-01-31 02:12:59 --> A non-numeric value encountered
#0 D:\xampp\htdocs\tokobuku\app\Controllers\Penjualan.php(59): CodeIgniter\Debug\Exceptions->errorHandler(2, 'A non-numeric v...', 'D:\\xampp\\htdocs...', 59, Array)
#1 D:\xampp\htdocs\tokobuku\app\Controllers\Penjualan.php(42): App\Controllers\Penjualan->showCart()
#2 D:\xampp\htdocs\tokobuku\vendor\codeigniter4\framework\system\CodeIgniter.php(825): App\Controllers\Penjualan->loadCart()
#3 D:\xampp\htdocs\tokobuku\vendor\codeigniter4\framework\system\CodeIgniter.php(412): CodeIgniter\CodeIgniter->runController(Object(App\Controllers\Penjualan))
#4 D:\xampp\htdocs\tokobuku\vendor\codeigniter4\framework\system\CodeIgniter.php(320): CodeIgniter\CodeIgniter->handleRequest(NULL, Object(Config\Cache), false)
#5 D:\xampp\htdocs\tokobuku\public\index.php(37): CodeIgniter\CodeIgniter->run()
#6 D:\xampp\htdocs\tokobuku\vendor\codeigniter4\framework\system\Commands\Server\rewrite.php(43): require_once('D:\\xampp\\htdocs...')
#7 {main}
CRITICAL - 2022-01-31 02:15:31 --> A non-numeric value encountered
#0 D:\xampp\htdocs\tokobuku\app\Controllers\Penjualan.php(60): CodeIgniter\Debug\Exceptions->errorHandler(2, 'A non-numeric v...', 'D:\\xampp\\htdocs...', 60, Array)
#1 D:\xampp\htdocs\tokobuku\app\Controllers\Penjualan.php(42): App\Controllers\Penjualan->showCart()
#2 D:\xampp\htdocs\tokobuku\vendor\codeigniter4\framework\system\CodeIgniter.php(825): App\Controllers\Penjualan->loadCart()
#3 D:\xampp\htdocs\tokobuku\vendor\codeigniter4\framework\system\CodeIgniter.php(412): CodeIgniter\CodeIgniter->runController(Object(App\Controllers\Penjualan))
#4 D:\xampp\htdocs\tokobuku\vendor\codeigniter4\framework\system\CodeIgniter.php(320): CodeIgniter\CodeIgniter->handleRequest(NULL, Object(Config\Cache), false)
#5 D:\xampp\htdocs\tokobuku\public\index.php(37): CodeIgniter\CodeIgniter->run()
#6 D:\xampp\htdocs\tokobuku\vendor\codeigniter4\framework\system\Commands\Server\rewrite.php(43): require_once('D:\\xampp\\htdocs...')
#7 {main}
CRITICAL - 2022-01-31 02:17:41 --> Call to undefined function App\Controllers\number_to_currency()
#0 D:\xampp\htdocs\tokobuku\app\Controllers\Penjualan.php(42): App\Controllers\Penjualan->showCart()
#1 D:\xampp\htdocs\tokobuku\vendor\codeigniter4\framework\system\CodeIgniter.php(825): App\Controllers\Penjualan->loadCart()
#2 D:\xampp\htdocs\tokobuku\vendor\codeigniter4\framework\system\CodeIgniter.php(412): CodeIgniter\CodeIgniter->runController(Object(App\Controllers\Penjualan))
#3 D:\xampp\htdocs\tokobuku\vendor\codeigniter4\framework\system\CodeIgniter.php(320): CodeIgniter\CodeIgniter->handleRequest(NULL, Object(Config\Cache), false)
#4 D:\xampp\htdocs\tokobuku\public\index.php(37): CodeIgniter\CodeIgniter->run()
#5 D:\xampp\htdocs\tokobuku\vendor\codeigniter4\framework\system\Commands\Server\rewrite.php(43): require_once('D:\\xampp\\htdocs...')
#6 {main}
CRITICAL - 2022-01-31 02:18:00 --> Call to undefined function App\Controllers\number_to_currency()
#0 D:\xampp\htdocs\tokobuku\app\Controllers\Penjualan.php(42): App\Controllers\Penjualan->showCart()
#1 D:\xampp\htdocs\tokobuku\vendor\codeigniter4\framework\system\CodeIgniter.php(825): App\Controllers\Penjualan->loadCart()
#2 D:\xampp\htdocs\tokobuku\vendor\codeigniter4\framework\system\CodeIgniter.php(412): CodeIgniter\CodeIgniter->runController(Object(App\Controllers\Penjualan))
#3 D:\xampp\htdocs\tokobuku\vendor\codeigniter4\framework\system\CodeIgniter.php(320): CodeIgniter\CodeIgniter->handleRequest(NULL, Object(Config\Cache), false)
#4 D:\xampp\htdocs\tokobuku\public\index.php(37): CodeIgniter\CodeIgniter->run()
#5 D:\xampp\htdocs\tokobuku\vendor\codeigniter4\framework\system\Commands\Server\rewrite.php(43): require_once('D:\\xampp\\htdocs...')
#6 {main}
CRITICAL - 2022-01-31 02:18:38 --> Number formatting failed: U_ILLEGAL_ARGUMENT_ERROR
#0 D:\xampp\htdocs\tokobuku\vendor\codeigniter4\framework\system\Helpers\number_helper.php(120): format_number(55000, 1, 'en_US', Array)
#1 D:\xampp\htdocs\tokobuku\app\Controllers\Penjualan.php(58): number_to_currency(55000, 'Rp', 'en_US', 2)
#2 D:\xampp\htdocs\tokobuku\app\Controllers\Penjualan.php(42): App\Controllers\Penjualan->showCart()
#3 D:\xampp\htdocs\tokobuku\vendor\codeigniter4\framework\system\CodeIgniter.php(825): App\Controllers\Penjualan->loadCart()
#4 D:\xampp\htdocs\tokobuku\vendor\codeigniter4\framework\system\CodeIgniter.php(412): CodeIgniter\CodeIgniter->runController(Object(App\Controllers\Penjualan))
#5 D:\xampp\htdocs\tokobuku\vendor\codeigniter4\framework\system\CodeIgniter.php(320): CodeIgniter\CodeIgniter->handleRequest(NULL, Object(Config\Cache), false)
#6 D:\xampp\htdocs\tokobuku\public\index.php(37): CodeIgniter\CodeIgniter->run()
#7 D:\xampp\htdocs\tokobuku\vendor\codeigniter4\framework\system\Commands\Server\rewrite.php(43): require_once('D:\\xampp\\htdocs...')
#8 {main}
CRITICAL - 2022-01-31 02:25:16 --> Number formatting failed: U_ILLEGAL_ARGUMENT_ERROR
#0 D:\xampp\htdocs\tokobuku\vendor\codeigniter4\framework\system\Helpers\number_helper.php(120): format_number(55000, 1, 'en_US', Array)
#1 D:\xampp\htdocs\tokobuku\app\Controllers\Penjualan.php(58): number_to_currency(55000, 'Rp', 'en_US', 2)
#2 D:\xampp\htdocs\tokobuku\app\Controllers\Penjualan.php(42): App\Controllers\Penjualan->showCart()
#3 D:\xampp\htdocs\tokobuku\vendor\codeigniter4\framework\system\CodeIgniter.php(825): App\Controllers\Penjualan->loadCart()
#4 D:\xampp\htdocs\tokobuku\vendor\codeigniter4\framework\system\CodeIgniter.php(412): CodeIgniter\CodeIgniter->runController(Object(App\Controllers\Penjualan))
#5 D:\xampp\htdocs\tokobuku\vendor\codeigniter4\framework\system\CodeIgniter.php(320): CodeIgniter\CodeIgniter->handleRequest(NULL, Object(Config\Cache), false)
#6 D:\xampp\htdocs\tokobuku\public\index.php(37): CodeIgniter\CodeIgniter->run()
#7 D:\xampp\htdocs\tokobuku\vendor\codeigniter4\framework\system\Commands\Server\rewrite.php(43): require_once('D:\\xampp\\htdocs...')
#8 {main}
CRITICAL - 2022-01-31 02:25:28 --> Number formatting failed: U_ILLEGAL_ARGUMENT_ERROR
#0 D:\xampp\htdocs\tokobuku\vendor\codeigniter4\framework\system\Helpers\number_helper.php(120): format_number(55000, 1, 'id_ID', Array)
#1 D:\xampp\htdocs\tokobuku\app\Controllers\Penjualan.php(58): number_to_currency(55000, 'Rp', 'id_ID', 2)
#2 D:\xampp\htdocs\tokobuku\app\Controllers\Penjualan.php(42): App\Controllers\Penjualan->showCart()
#3 D:\xampp\htdocs\tokobuku\vendor\codeigniter4\framework\system\CodeIgniter.php(825): App\Controllers\Penjualan->loadCart()
#4 D:\xampp\htdocs\tokobuku\vendor\codeigniter4\framework\system\CodeIgniter.php(412): CodeIgniter\CodeIgniter->runController(Object(App\Controllers\Penjualan))
#5 D:\xampp\htdocs\tokobuku\vendor\codeigniter4\framework\system\CodeIgniter.php(320): CodeIgniter\CodeIgniter->handleRequest(NULL, Object(Config\Cache), false)
#6 D:\xampp\htdocs\tokobuku\public\index.php(37): CodeIgniter\CodeIgniter->run()
#7 D:\xampp\htdocs\tokobuku\vendor\codeigniter4\framework\system\Commands\Server\rewrite.php(43): require_once('D:\\xampp\\htdocs...')
#8 {main}
