CRITICAL - 2022-04-24 21:50:10 --> Trying to get property 'firstname' of non-object
#0 D:\xampp\htdocs\tokobuku\app\Views\user\index.php(41): CodeIgniter\Debug\Exceptions->errorHandler(8, 'Trying to get p...', 'D:\\xampp\\htdocs...', 41, Array)
#1 D:\xampp\htdocs\tokobuku\vendor\codeigniter4\framework\system\View\View.php(210): include('D:\\xampp\\htdocs...')
#2 D:\xampp\htdocs\tokobuku\vendor\codeigniter4\framework\system\View\View.php(213): CodeIgniter\View\View->CodeIgniter\View\{closure}()
#3 D:\xampp\htdocs\tokobuku\vendor\codeigniter4\framework\system\Common.php(1089): CodeIgniter\View\View->render('user/index', Array, true)
#4 D:\xampp\htdocs\tokobuku\app\Controllers\Users.php(22): view('user/index', Array)
#5 D:\xampp\htdocs\tokobuku\vendor\codeigniter4\framework\system\CodeIgniter.php(825): App\Controllers\Users->index()
#6 D:\xampp\htdocs\tokobuku\vendor\codeigniter4\framework\system\CodeIgniter.php(412): CodeIgniter\CodeIgniter->runController(Object(App\Controllers\Users))
#7 D:\xampp\htdocs\tokobuku\vendor\codeigniter4\framework\system\CodeIgniter.php(320): CodeIgniter\CodeIgniter->handleRequest(NULL, Object(Config\Cache), false)
#8 D:\xampp\htdocs\tokobuku\public\index.php(37): CodeIgniter\CodeIgniter->run()
#9 D:\xampp\htdocs\tokobuku\vendor\codeigniter4\framework\system\Commands\Server\rewrite.php(43): require_once('D:\\xampp\\htdocs...')
#10 {main}
CRITICAL - 2022-04-24 21:51:24 --> Invalid file: user/index.php
#0 D:\xampp\htdocs\tokobuku\vendor\codeigniter4\framework\system\View\View.php(198): CodeIgniter\Exceptions\FrameworkException::forInvalidFile('user/index.php')
#1 D:\xampp\htdocs\tokobuku\vendor\codeigniter4\framework\system\Common.php(1089): CodeIgniter\View\View->render('user/index', Array, true)
#2 D:\xampp\htdocs\tokobuku\app\Controllers\Users.php(22): view('user/index', Array)
#3 D:\xampp\htdocs\tokobuku\vendor\codeigniter4\framework\system\CodeIgniter.php(825): App\Controllers\Users->index()
#4 D:\xampp\htdocs\tokobuku\vendor\codeigniter4\framework\system\CodeIgniter.php(412): CodeIgniter\CodeIgniter->runController(Object(App\Controllers\Users))
#5 D:\xampp\htdocs\tokobuku\vendor\codeigniter4\framework\system\CodeIgniter.php(320): CodeIgniter\CodeIgniter->handleRequest(NULL, Object(Config\Cache), false)
#6 D:\xampp\htdocs\tokobuku\public\index.php(37): CodeIgniter\CodeIgniter->run()
#7 D:\xampp\htdocs\tokobuku\vendor\codeigniter4\framework\system\Commands\Server\rewrite.php(43): require_once('D:\\xampp\\htdocs...')
#8 {main}
CRITICAL - 2022-04-24 22:33:12 --> Undefined index: group_name
#0 D:\xampp\htdocs\tokobuku\app\Views\user\edit.php(43): CodeIgniter\Debug\Exceptions->errorHandler(8, 'Undefined index...', 'D:\\xampp\\htdocs...', 43, Array)
#1 D:\xampp\htdocs\tokobuku\vendor\codeigniter4\framework\system\View\View.php(210): include('D:\\xampp\\htdocs...')
#2 D:\xampp\htdocs\tokobuku\vendor\codeigniter4\framework\system\View\View.php(213): CodeIgniter\View\View->CodeIgniter\View\{closure}()
#3 D:\xampp\htdocs\tokobuku\vendor\codeigniter4\framework\system\Common.php(1089): CodeIgniter\View\View->render('user/edit', Array, true)
#4 D:\xampp\htdocs\tokobuku\app\Controllers\Users.php(58): view('user/edit', Array)
#5 D:\xampp\htdocs\tokobuku\vendor\codeigniter4\framework\system\CodeIgniter.php(825): App\Controllers\Users->edit('4')
#6 D:\xampp\htdocs\tokobuku\vendor\codeigniter4\framework\system\CodeIgniter.php(412): CodeIgniter\CodeIgniter->runController(Object(App\Controllers\Users))
#7 D:\xampp\htdocs\tokobuku\vendor\codeigniter4\framework\system\CodeIgniter.php(320): CodeIgniter\CodeIgniter->handleRequest(NULL, Object(Config\Cache), false)
#8 D:\xampp\htdocs\tokobuku\public\index.php(37): CodeIgniter\CodeIgniter->run()
#9 D:\xampp\htdocs\tokobuku\vendor\codeigniter4\framework\system\Commands\Server\rewrite.php(43): require_once('D:\\xampp\\htdocs...')
#10 {main}
CRITICAL - 2022-04-24 22:33:29 --> Undefined index: group_name
#0 D:\xampp\htdocs\tokobuku\app\Views\user\edit.php(43): CodeIgniter\Debug\Exceptions->errorHandler(8, 'Undefined index...', 'D:\\xampp\\htdocs...', 43, Array)
#1 D:\xampp\htdocs\tokobuku\vendor\codeigniter4\framework\system\View\View.php(210): include('D:\\xampp\\htdocs...')
#2 D:\xampp\htdocs\tokobuku\vendor\codeigniter4\framework\system\View\View.php(213): CodeIgniter\View\View->CodeIgniter\View\{closure}()
#3 D:\xampp\htdocs\tokobuku\vendor\codeigniter4\framework\system\Common.php(1089): CodeIgniter\View\View->render('user/edit', Array, true)
#4 D:\xampp\htdocs\tokobuku\app\Controllers\Users.php(58): view('user/edit', Array)
#5 D:\xampp\htdocs\tokobuku\vendor\codeigniter4\framework\system\CodeIgniter.php(825): App\Controllers\Users->edit('4')
#6 D:\xampp\htdocs\tokobuku\vendor\codeigniter4\framework\system\CodeIgniter.php(412): CodeIgniter\CodeIgniter->runController(Object(App\Controllers\Users))
#7 D:\xampp\htdocs\tokobuku\vendor\codeigniter4\framework\system\CodeIgniter.php(320): CodeIgniter\CodeIgniter->handleRequest(NULL, Object(Config\Cache), false)
#8 D:\xampp\htdocs\tokobuku\public\index.php(37): CodeIgniter\CodeIgniter->run()
#9 D:\xampp\htdocs\tokobuku\vendor\codeigniter4\framework\system\Commands\Server\rewrite.php(43): require_once('D:\\xampp\\htdocs...')
#10 {main}
ERROR - 2022-04-24 22:34:07 --> Column 'id' in where clause is ambiguous
CRITICAL - 2022-04-24 22:34:07 --> Column 'id' in where clause is ambiguous
#0 D:\xampp\htdocs\tokobuku\vendor\codeigniter4\framework\system\Database\MySQLi\Connection.php(292): mysqli->query('SELECT `users`....', 0)
#1 D:\xampp\htdocs\tokobuku\vendor\codeigniter4\framework\system\Database\BaseConnection.php(670): CodeIgniter\Database\MySQLi\Connection->execute('SELECT `users`....')
#2 D:\xampp\htdocs\tokobuku\vendor\codeigniter4\framework\system\Database\BaseConnection.php(598): CodeIgniter\Database\BaseConnection->simpleQuery('SELECT `users`....')
#3 D:\xampp\htdocs\tokobuku\vendor\codeigniter4\framework\system\Database\BaseBuilder.php(1455): CodeIgniter\Database\BaseConnection->query('SELECT `users`....', Array, false)
#4 D:\xampp\htdocs\tokobuku\vendor\codeigniter4\framework\system\Model.php(210): CodeIgniter\Database\BaseBuilder->get()
#5 D:\xampp\htdocs\tokobuku\vendor\codeigniter4\framework\system\BaseModel.php(622): CodeIgniter\Model->doFirst()
#6 D:\xampp\htdocs\tokobuku\app\Models\UsersModel.php(24): CodeIgniter\BaseModel->first()
#7 D:\xampp\htdocs\tokobuku\app\Controllers\Users.php(53): App\Models\UsersModel->getUsers('4')
#8 D:\xampp\htdocs\tokobuku\vendor\codeigniter4\framework\system\CodeIgniter.php(825): App\Controllers\Users->edit('4')
#9 D:\xampp\htdocs\tokobuku\vendor\codeigniter4\framework\system\CodeIgniter.php(412): CodeIgniter\CodeIgniter->runController(Object(App\Controllers\Users))
#10 D:\xampp\htdocs\tokobuku\vendor\codeigniter4\framework\system\CodeIgniter.php(320): CodeIgniter\CodeIgniter->handleRequest(NULL, Object(Config\Cache), false)
#11 D:\xampp\htdocs\tokobuku\public\index.php(37): CodeIgniter\CodeIgniter->run()
#12 D:\xampp\htdocs\tokobuku\vendor\codeigniter4\framework\system\Commands\Server\rewrite.php(43): require_once('D:\\xampp\\htdocs...')
#13 {main}
