ERROR - 2022-01-20 09:00:23 --> Error connecting to the database: Access denied for user ''@'localhost' (using password: NO)
CRITICAL - 2022-01-20 09:00:23 --> Unable to connect to the database.
Main connection [MySQLi]: Access denied for user ''@'localhost' (using password: NO)
#0 D:\xampp\htdocs\tokobuku\vendor\codeigniter4\framework\system\Database\BaseConnection.php(577): CodeIgniter\Database\BaseConnection->initialize()
#1 D:\xampp\htdocs\tokobuku\vendor\codeigniter4\framework\system\Database\BaseBuilder.php(1455): CodeIgniter\Database\BaseConnection->query('SELECT *\nFROM `...', Array, false)
#2 D:\xampp\htdocs\tokobuku\vendor\codeigniter4\framework\system\Model.php(183): CodeIgniter\Database\BaseBuilder->get()
#3 D:\xampp\htdocs\tokobuku\vendor\codeigniter4\framework\system\BaseModel.php(584): CodeIgniter\Model->doFindAll(0, 0)
#4 D:\xampp\htdocs\tokobuku\app\Models\BookModel.php(19): CodeIgniter\BaseModel->findAll()
#5 D:\xampp\htdocs\tokobuku\app\Controllers\Book.php(18): App\Models\BookModel->getBook()
#6 D:\xampp\htdocs\tokobuku\vendor\codeigniter4\framework\system\CodeIgniter.php(825): App\Controllers\Book->index()
#7 D:\xampp\htdocs\tokobuku\vendor\codeigniter4\framework\system\CodeIgniter.php(412): CodeIgniter\CodeIgniter->runController(Object(App\Controllers\Book))
#8 D:\xampp\htdocs\tokobuku\vendor\codeigniter4\framework\system\CodeIgniter.php(320): CodeIgniter\CodeIgniter->handleRequest(NULL, Object(Config\Cache), false)
#9 D:\xampp\htdocs\tokobuku\public\index.php(37): CodeIgniter\CodeIgniter->run()
#10 D:\xampp\htdocs\tokobuku\vendor\codeigniter4\framework\system\Commands\Server\rewrite.php(43): require_once('D:\\xampp\\htdocs...')
#11 {main}
ERROR - 2022-01-20 09:00:25 --> Error connecting to the database: Access denied for user ''@'localhost' (using password: NO)
CRITICAL - 2022-01-20 09:00:25 --> Unable to connect to the database.
Main connection [MySQLi]: Access denied for user ''@'localhost' (using password: NO)
#0 D:\xampp\htdocs\tokobuku\vendor\codeigniter4\framework\system\Database\BaseConnection.php(577): CodeIgniter\Database\BaseConnection->initialize()
#1 D:\xampp\htdocs\tokobuku\vendor\codeigniter4\framework\system\Database\BaseBuilder.php(1455): CodeIgniter\Database\BaseConnection->query('SELECT *\nFROM `...', Array, false)
#2 D:\xampp\htdocs\tokobuku\vendor\codeigniter4\framework\system\Model.php(183): CodeIgniter\Database\BaseBuilder->get()
#3 D:\xampp\htdocs\tokobuku\vendor\codeigniter4\framework\system\BaseModel.php(584): CodeIgniter\Model->doFindAll(0, 0)
#4 D:\xampp\htdocs\tokobuku\app\Models\BookModel.php(19): CodeIgniter\BaseModel->findAll()
#5 D:\xampp\htdocs\tokobuku\app\Controllers\Book.php(18): App\Models\BookModel->getBook()
#6 D:\xampp\htdocs\tokobuku\vendor\codeigniter4\framework\system\CodeIgniter.php(825): App\Controllers\Book->index()
#7 D:\xampp\htdocs\tokobuku\vendor\codeigniter4\framework\system\CodeIgniter.php(412): CodeIgniter\CodeIgniter->runController(Object(App\Controllers\Book))
#8 D:\xampp\htdocs\tokobuku\vendor\codeigniter4\framework\system\CodeIgniter.php(320): CodeIgniter\CodeIgniter->handleRequest(NULL, Object(Config\Cache), false)
#9 D:\xampp\htdocs\tokobuku\public\index.php(37): CodeIgniter\CodeIgniter->run()
#10 D:\xampp\htdocs\tokobuku\vendor\codeigniter4\framework\system\Commands\Server\rewrite.php(43): require_once('D:\\xampp\\htdocs...')
#11 {main}
CRITICAL - 2022-01-20 09:05:18 --> Undefined variable: value
#0 D:\xampp\htdocs\tokobuku\app\Views\book\index.php(14): CodeIgniter\Debug\Exceptions->errorHandler(8, 'Undefined varia...', 'D:\\xampp\\htdocs...', 14, Array)
#1 D:\xampp\htdocs\tokobuku\vendor\codeigniter4\framework\system\View\View.php(210): include('D:\\xampp\\htdocs...')
#2 D:\xampp\htdocs\tokobuku\vendor\codeigniter4\framework\system\View\View.php(213): CodeIgniter\View\View->CodeIgniter\View\{closure}()
#3 D:\xampp\htdocs\tokobuku\vendor\codeigniter4\framework\system\Common.php(1089): CodeIgniter\View\View->render('book/index', Array, true)
#4 D:\xampp\htdocs\tokobuku\app\Controllers\Book.php(23): view('book/index', Array)
#5 D:\xampp\htdocs\tokobuku\vendor\codeigniter4\framework\system\CodeIgniter.php(825): App\Controllers\Book->index()
#6 D:\xampp\htdocs\tokobuku\vendor\codeigniter4\framework\system\CodeIgniter.php(412): CodeIgniter\CodeIgniter->runController(Object(App\Controllers\Book))
#7 D:\xampp\htdocs\tokobuku\vendor\codeigniter4\framework\system\CodeIgniter.php(320): CodeIgniter\CodeIgniter->handleRequest(NULL, Object(Config\Cache), false)
#8 D:\xampp\htdocs\tokobuku\public\index.php(37): CodeIgniter\CodeIgniter->run()
#9 D:\xampp\htdocs\tokobuku\vendor\codeigniter4\framework\system\Commands\Server\rewrite.php(43): require_once('D:\\xampp\\htdocs...')
#10 {main}
CRITICAL - 2022-01-20 09:16:57 --> Trying to access array offset on value of type null
#0 D:\xampp\htdocs\tokobuku\app\Views\book\detail.php(23): CodeIgniter\Debug\Exceptions->errorHandler(8, 'Trying to acces...', 'D:\\xampp\\htdocs...', 23, Array)
#1 D:\xampp\htdocs\tokobuku\vendor\codeigniter4\framework\system\View\View.php(210): include('D:\\xampp\\htdocs...')
#2 D:\xampp\htdocs\tokobuku\vendor\codeigniter4\framework\system\View\View.php(213): CodeIgniter\View\View->CodeIgniter\View\{closure}()
#3 D:\xampp\htdocs\tokobuku\vendor\codeigniter4\framework\system\Common.php(1089): CodeIgniter\View\View->render('book/detail', Array, true)
#4 D:\xampp\htdocs\tokobuku\app\Controllers\Book.php(33): view('book/detail', Array)
#5 D:\xampp\htdocs\tokobuku\vendor\codeigniter4\framework\system\CodeIgniter.php(825): App\Controllers\Book->detail('create')
#6 D:\xampp\htdocs\tokobuku\vendor\codeigniter4\framework\system\CodeIgniter.php(412): CodeIgniter\CodeIgniter->runController(Object(App\Controllers\Book))
#7 D:\xampp\htdocs\tokobuku\vendor\codeigniter4\framework\system\CodeIgniter.php(320): CodeIgniter\CodeIgniter->handleRequest(NULL, Object(Config\Cache), false)
#8 D:\xampp\htdocs\tokobuku\public\index.php(37): CodeIgniter\CodeIgniter->run()
#9 D:\xampp\htdocs\tokobuku\vendor\codeigniter4\framework\system\Commands\Server\rewrite.php(43): require_once('D:\\xampp\\htdocs...')
#10 {main}
CRITICAL - 2022-01-20 09:17:27 --> Trying to access array offset on value of type null
#0 D:\xampp\htdocs\tokobuku\app\Views\book\detail.php(23): CodeIgniter\Debug\Exceptions->errorHandler(8, 'Trying to acces...', 'D:\\xampp\\htdocs...', 23, Array)
#1 D:\xampp\htdocs\tokobuku\vendor\codeigniter4\framework\system\View\View.php(210): include('D:\\xampp\\htdocs...')
#2 D:\xampp\htdocs\tokobuku\vendor\codeigniter4\framework\system\View\View.php(213): CodeIgniter\View\View->CodeIgniter\View\{closure}()
#3 D:\xampp\htdocs\tokobuku\vendor\codeigniter4\framework\system\Common.php(1089): CodeIgniter\View\View->render('book/detail', Array, true)
#4 D:\xampp\htdocs\tokobuku\app\Controllers\Book.php(33): view('book/detail', Array)
#5 D:\xampp\htdocs\tokobuku\vendor\codeigniter4\framework\system\CodeIgniter.php(825): App\Controllers\Book->detail('create')
#6 D:\xampp\htdocs\tokobuku\vendor\codeigniter4\framework\system\CodeIgniter.php(412): CodeIgniter\CodeIgniter->runController(Object(App\Controllers\Book))
#7 D:\xampp\htdocs\tokobuku\vendor\codeigniter4\framework\system\CodeIgniter.php(320): CodeIgniter\CodeIgniter->handleRequest(NULL, Object(Config\Cache), false)
#8 D:\xampp\htdocs\tokobuku\public\index.php(37): CodeIgniter\CodeIgniter->run()
#9 D:\xampp\htdocs\tokobuku\vendor\codeigniter4\framework\system\Commands\Server\rewrite.php(43): require_once('D:\\xampp\\htdocs...')
#10 {main}
CRITICAL - 2022-01-20 09:17:41 --> Trying to access array offset on value of type null
#0 D:\xampp\htdocs\tokobuku\app\Views\book\detail.php(23): CodeIgniter\Debug\Exceptions->errorHandler(8, 'Trying to acces...', 'D:\\xampp\\htdocs...', 23, Array)
#1 D:\xampp\htdocs\tokobuku\vendor\codeigniter4\framework\system\View\View.php(210): include('D:\\xampp\\htdocs...')
#2 D:\xampp\htdocs\tokobuku\vendor\codeigniter4\framework\system\View\View.php(213): CodeIgniter\View\View->CodeIgniter\View\{closure}()
#3 D:\xampp\htdocs\tokobuku\vendor\codeigniter4\framework\system\Common.php(1089): CodeIgniter\View\View->render('book/detail', Array, true)
#4 D:\xampp\htdocs\tokobuku\app\Controllers\Book.php(33): view('book/detail', Array)
#5 D:\xampp\htdocs\tokobuku\vendor\codeigniter4\framework\system\CodeIgniter.php(825): App\Controllers\Book->detail('create')
#6 D:\xampp\htdocs\tokobuku\vendor\codeigniter4\framework\system\CodeIgniter.php(412): CodeIgniter\CodeIgniter->runController(Object(App\Controllers\Book))
#7 D:\xampp\htdocs\tokobuku\vendor\codeigniter4\framework\system\CodeIgniter.php(320): CodeIgniter\CodeIgniter->handleRequest(NULL, Object(Config\Cache), false)
#8 D:\xampp\htdocs\tokobuku\public\index.php(37): CodeIgniter\CodeIgniter->run()
#9 D:\xampp\htdocs\tokobuku\vendor\codeigniter4\framework\system\Commands\Server\rewrite.php(43): require_once('D:\\xampp\\htdocs...')
#10 {main}
CRITICAL - 2022-01-20 09:20:53 --> Trying to access array offset on value of type null
#0 D:\xampp\htdocs\tokobuku\app\Views\book\detail.php(23): CodeIgniter\Debug\Exceptions->errorHandler(8, 'Trying to acces...', 'D:\\xampp\\htdocs...', 23, Array)
#1 D:\xampp\htdocs\tokobuku\vendor\codeigniter4\framework\system\View\View.php(210): include('D:\\xampp\\htdocs...')
#2 D:\xampp\htdocs\tokobuku\vendor\codeigniter4\framework\system\View\View.php(213): CodeIgniter\View\View->CodeIgniter\View\{closure}()
#3 D:\xampp\htdocs\tokobuku\vendor\codeigniter4\framework\system\Common.php(1089): CodeIgniter\View\View->render('book/detail', Array, true)
#4 D:\xampp\htdocs\tokobuku\app\Controllers\Book.php(33): view('book/detail', Array)
#5 D:\xampp\htdocs\tokobuku\vendor\codeigniter4\framework\system\CodeIgniter.php(825): App\Controllers\Book->detail('create')
#6 D:\xampp\htdocs\tokobuku\vendor\codeigniter4\framework\system\CodeIgniter.php(412): CodeIgniter\CodeIgniter->runController(Object(App\Controllers\Book))
#7 D:\xampp\htdocs\tokobuku\vendor\codeigniter4\framework\system\CodeIgniter.php(320): CodeIgniter\CodeIgniter->handleRequest(NULL, Object(Config\Cache), false)
#8 D:\xampp\htdocs\tokobuku\public\index.php(37): CodeIgniter\CodeIgniter->run()
#9 D:\xampp\htdocs\tokobuku\vendor\codeigniter4\framework\system\Commands\Server\rewrite.php(43): require_once('D:\\xampp\\htdocs...')
#10 {main}
CRITICAL - 2022-01-20 09:51:00 --> Allowed fields must be specified for model: App\Models\BookModel
#0 D:\xampp\htdocs\tokobuku\vendor\codeigniter4\framework\system\BaseModel.php(1138): CodeIgniter\Database\Exceptions\DataException::forInvalidAllowedFields('App\\Models\\Book...')
#1 D:\xampp\htdocs\tokobuku\vendor\codeigniter4\framework\system\BaseModel.php(713): CodeIgniter\BaseModel->doProtectFields(Array)
#2 D:\xampp\htdocs\tokobuku\vendor\codeigniter4\framework\system\Model.php(625): CodeIgniter\BaseModel->insert(Array, false)
#3 D:\xampp\htdocs\tokobuku\vendor\codeigniter4\framework\system\BaseModel.php(658): CodeIgniter\Model->insert(Array, false)
#4 D:\xampp\htdocs\tokobuku\app\Controllers\Book.php(61): CodeIgniter\BaseModel->save(Array)
#5 D:\xampp\htdocs\tokobuku\vendor\codeigniter4\framework\system\CodeIgniter.php(825): App\Controllers\Book->save()
#6 D:\xampp\htdocs\tokobuku\vendor\codeigniter4\framework\system\CodeIgniter.php(412): CodeIgniter\CodeIgniter->runController(Object(App\Controllers\Book))
#7 D:\xampp\htdocs\tokobuku\vendor\codeigniter4\framework\system\CodeIgniter.php(320): CodeIgniter\CodeIgniter->handleRequest(NULL, Object(Config\Cache), false)
#8 D:\xampp\htdocs\tokobuku\public\index.php(37): CodeIgniter\CodeIgniter->run()
#9 D:\xampp\htdocs\tokobuku\vendor\codeigniter4\framework\system\Commands\Server\rewrite.php(43): require_once('D:\\xampp\\htdocs...')
#10 {main}
ERROR - 2022-01-20 09:53:08 --> Unknown column 'updated_at' in 'field list'
CRITICAL - 2022-01-20 09:53:08 --> Unknown column 'updated_at' in 'field list'
#0 D:\xampp\htdocs\tokobuku\vendor\codeigniter4\framework\system\Database\MySQLi\Connection.php(292): mysqli->query('INSERT INTO `bo...', 0)
#1 D:\xampp\htdocs\tokobuku\vendor\codeigniter4\framework\system\Database\BaseConnection.php(670): CodeIgniter\Database\MySQLi\Connection->execute('INSERT INTO `bo...')
#2 D:\xampp\htdocs\tokobuku\vendor\codeigniter4\framework\system\Database\BaseConnection.php(598): CodeIgniter\Database\BaseConnection->simpleQuery('INSERT INTO `bo...')
#3 D:\xampp\htdocs\tokobuku\vendor\codeigniter4\framework\system\Database\BaseBuilder.php(1771): CodeIgniter\Database\BaseConnection->query('INSERT INTO `bo...', Array, false)
#4 D:\xampp\htdocs\tokobuku\vendor\codeigniter4\framework\system\Model.php(239): CodeIgniter\Database\BaseBuilder->insert()
#5 D:\xampp\htdocs\tokobuku\vendor\codeigniter4\framework\system\BaseModel.php(738): CodeIgniter\Model->doInsert(Array)
#6 D:\xampp\htdocs\tokobuku\vendor\codeigniter4\framework\system\Model.php(625): CodeIgniter\BaseModel->insert(Array, false)
#7 D:\xampp\htdocs\tokobuku\vendor\codeigniter4\framework\system\BaseModel.php(658): CodeIgniter\Model->insert(Array, false)
#8 D:\xampp\htdocs\tokobuku\app\Controllers\Book.php(61): CodeIgniter\BaseModel->save(Array)
#9 D:\xampp\htdocs\tokobuku\vendor\codeigniter4\framework\system\CodeIgniter.php(825): App\Controllers\Book->save()
#10 D:\xampp\htdocs\tokobuku\vendor\codeigniter4\framework\system\CodeIgniter.php(412): CodeIgniter\CodeIgniter->runController(Object(App\Controllers\Book))
#11 D:\xampp\htdocs\tokobuku\vendor\codeigniter4\framework\system\CodeIgniter.php(320): CodeIgniter\CodeIgniter->handleRequest(NULL, Object(Config\Cache), false)
#12 D:\xampp\htdocs\tokobuku\public\index.php(37): CodeIgniter\CodeIgniter->run()
#13 D:\xampp\htdocs\tokobuku\vendor\codeigniter4\framework\system\Commands\Server\rewrite.php(43): require_once('D:\\xampp\\htdocs...')
#14 {main}
ERROR - 2022-01-20 09:53:37 --> Unknown column 'updated_at' in 'field list'
CRITICAL - 2022-01-20 09:53:37 --> Unknown column 'updated_at' in 'field list'
#0 D:\xampp\htdocs\tokobuku\vendor\codeigniter4\framework\system\Database\MySQLi\Connection.php(292): mysqli->query('INSERT INTO `bo...', 0)
#1 D:\xampp\htdocs\tokobuku\vendor\codeigniter4\framework\system\Database\BaseConnection.php(670): CodeIgniter\Database\MySQLi\Connection->execute('INSERT INTO `bo...')
#2 D:\xampp\htdocs\tokobuku\vendor\codeigniter4\framework\system\Database\BaseConnection.php(598): CodeIgniter\Database\BaseConnection->simpleQuery('INSERT INTO `bo...')
#3 D:\xampp\htdocs\tokobuku\vendor\codeigniter4\framework\system\Database\BaseBuilder.php(1771): CodeIgniter\Database\BaseConnection->query('INSERT INTO `bo...', Array, false)
#4 D:\xampp\htdocs\tokobuku\vendor\codeigniter4\framework\system\Model.php(239): CodeIgniter\Database\BaseBuilder->insert()
#5 D:\xampp\htdocs\tokobuku\vendor\codeigniter4\framework\system\BaseModel.php(738): CodeIgniter\Model->doInsert(Array)
#6 D:\xampp\htdocs\tokobuku\vendor\codeigniter4\framework\system\Model.php(625): CodeIgniter\BaseModel->insert(Array, false)
#7 D:\xampp\htdocs\tokobuku\vendor\codeigniter4\framework\system\BaseModel.php(658): CodeIgniter\Model->insert(Array, false)
#8 D:\xampp\htdocs\tokobuku\app\Controllers\Book.php(61): CodeIgniter\BaseModel->save(Array)
#9 D:\xampp\htdocs\tokobuku\vendor\codeigniter4\framework\system\CodeIgniter.php(825): App\Controllers\Book->save()
#10 D:\xampp\htdocs\tokobuku\vendor\codeigniter4\framework\system\CodeIgniter.php(412): CodeIgniter\CodeIgniter->runController(Object(App\Controllers\Book))
#11 D:\xampp\htdocs\tokobuku\vendor\codeigniter4\framework\system\CodeIgniter.php(320): CodeIgniter\CodeIgniter->handleRequest(NULL, Object(Config\Cache), false)
#12 D:\xampp\htdocs\tokobuku\public\index.php(37): CodeIgniter\CodeIgniter->run()
#13 D:\xampp\htdocs\tokobuku\vendor\codeigniter4\framework\system\Commands\Server\rewrite.php(43): require_once('D:\\xampp\\htdocs...')
#14 {main}
