CRITICAL - 2022-01-24 00:00:41 --> Undefined property: App\Controllers\Customer::$CustomerModel
#0 D:\xampp\htdocs\tokobuku\app\Controllers\Customer.php(21): CodeIgniter\Debug\Exceptions->errorHandler(8, 'Undefined prope...', 'D:\\xampp\\htdocs...', 21, Array)
#1 D:\xampp\htdocs\tokobuku\vendor\codeigniter4\framework\system\CodeIgniter.php(825): App\Controllers\Customer->index()
#2 D:\xampp\htdocs\tokobuku\vendor\codeigniter4\framework\system\CodeIgniter.php(412): CodeIgniter\CodeIgniter->runController(Object(App\Controllers\Customer))
#3 D:\xampp\htdocs\tokobuku\vendor\codeigniter4\framework\system\CodeIgniter.php(320): CodeIgniter\CodeIgniter->handleRequest(NULL, Object(Config\Cache), false)
#4 D:\xampp\htdocs\tokobuku\public\index.php(37): CodeIgniter\CodeIgniter->run()
#5 D:\xampp\htdocs\tokobuku\vendor\codeigniter4\framework\system\Commands\Server\rewrite.php(43): require_once('D:\\xampp\\htdocs...')
#6 {main}
CRITICAL - 2022-01-24 21:24:19 --> The table name does not exist. Please check you database and try again.
#0 D:\xampp\htdocs\tokobuku\app\Libraries\GroceryCrud.php(4143): App\Libraries\GroceryCrud->get_table()
#1 D:\xampp\htdocs\tokobuku\app\Libraries\GroceryCrud.php(4160): App\Libraries\GroceryCrud->pre_render()
#2 D:\xampp\htdocs\tokobuku\app\Controllers\User.php(24): App\Libraries\GroceryCrud->render()
#3 D:\xampp\htdocs\tokobuku\vendor\codeigniter4\framework\system\CodeIgniter.php(825): App\Controllers\User->index()
#4 D:\xampp\htdocs\tokobuku\vendor\codeigniter4\framework\system\CodeIgniter.php(412): CodeIgniter\CodeIgniter->runController(Object(App\Controllers\User))
#5 D:\xampp\htdocs\tokobuku\vendor\codeigniter4\framework\system\CodeIgniter.php(320): CodeIgniter\CodeIgniter->handleRequest(NULL, Object(Config\Cache), false)
#6 D:\xampp\htdocs\tokobuku\public\index.php(37): CodeIgniter\CodeIgniter->run()
#7 D:\xampp\htdocs\tokobuku\vendor\codeigniter4\framework\system\Commands\Server\rewrite.php(43): require_once('D:\\xampp\\htdocs...')
#8 {main}
CRITICAL - 2022-01-24 21:24:37 --> The table name does not exist. Please check you database and try again.
#0 D:\xampp\htdocs\tokobuku\app\Libraries\GroceryCrud.php(4143): App\Libraries\GroceryCrud->get_table()
#1 D:\xampp\htdocs\tokobuku\app\Libraries\GroceryCrud.php(4160): App\Libraries\GroceryCrud->pre_render()
#2 D:\xampp\htdocs\tokobuku\app\Controllers\User.php(24): App\Libraries\GroceryCrud->render()
#3 D:\xampp\htdocs\tokobuku\vendor\codeigniter4\framework\system\CodeIgniter.php(825): App\Controllers\User->index()
#4 D:\xampp\htdocs\tokobuku\vendor\codeigniter4\framework\system\CodeIgniter.php(412): CodeIgniter\CodeIgniter->runController(Object(App\Controllers\User))
#5 D:\xampp\htdocs\tokobuku\vendor\codeigniter4\framework\system\CodeIgniter.php(320): CodeIgniter\CodeIgniter->handleRequest(NULL, Object(Config\Cache), false)
#6 D:\xampp\htdocs\tokobuku\public\index.php(37): CodeIgniter\CodeIgniter->run()
#7 D:\xampp\htdocs\tokobuku\vendor\codeigniter4\framework\system\Commands\Server\rewrite.php(43): require_once('D:\\xampp\\htdocs...')
#8 {main}
CRITICAL - 2022-01-24 21:27:21 --> Argument 3 passed to App\Libraries\GroceryCrud::setActionButton() must be callable, string given, called in D:\xampp\htdocs\tokobuku\app\Controllers\User.php on line 23
#0 D:\xampp\htdocs\tokobuku\app\Controllers\User.php(23): App\Libraries\GroceryCrud->setActionButton('More', '', 'demo/action_mor...', 'ui-icon-plus')
#1 D:\xampp\htdocs\tokobuku\vendor\codeigniter4\framework\system\CodeIgniter.php(825): App\Controllers\User->index()
#2 D:\xampp\htdocs\tokobuku\vendor\codeigniter4\framework\system\CodeIgniter.php(412): CodeIgniter\CodeIgniter->runController(Object(App\Controllers\User))
#3 D:\xampp\htdocs\tokobuku\vendor\codeigniter4\framework\system\CodeIgniter.php(320): CodeIgniter\CodeIgniter->handleRequest(NULL, Object(Config\Cache), false)
#4 D:\xampp\htdocs\tokobuku\public\index.php(37): CodeIgniter\CodeIgniter->run()
#5 D:\xampp\htdocs\tokobuku\vendor\codeigniter4\framework\system\Commands\Server\rewrite.php(43): require_once('D:\\xampp\\htdocs...')
#6 {main}
CRITICAL - 2022-01-24 21:48:20 --> count(): Parameter must be an array or an object that implements Countable
#0 [internal function]: CodeIgniter\Debug\Exceptions->errorHandler(2, 'count(): Parame...', 'D:\\xampp\\htdocs...', 27, Array)
#1 D:\xampp\htdocs\tokobuku\app\Controllers\User.php(27): count(NULL)
#2 [internal function]: App\Controllers\User->App\Controllers\{closure}(NULL, Object(stdClass))
#3 D:\xampp\htdocs\tokobuku\app\Libraries\GroceryCrud.php(1572): call_user_func(Object(Closure), NULL, Object(stdClass))
#4 D:\xampp\htdocs\tokobuku\app\Libraries\GroceryCrud.php(1341): App\Libraries\grocery_CRUD_Layout->change_list(Array, Array)
#5 D:\xampp\htdocs\tokobuku\app\Libraries\GroceryCrud.php(4185): App\Libraries\grocery_CRUD_Layout->showList(false, Object(stdClass))
#6 D:\xampp\htdocs\tokobuku\app\Controllers\User.php(30): App\Libraries\GroceryCrud->render()
#7 D:\xampp\htdocs\tokobuku\vendor\codeigniter4\framework\system\CodeIgniter.php(825): App\Controllers\User->index()
#8 D:\xampp\htdocs\tokobuku\vendor\codeigniter4\framework\system\CodeIgniter.php(412): CodeIgniter\CodeIgniter->runController(Object(App\Controllers\User))
#9 D:\xampp\htdocs\tokobuku\vendor\codeigniter4\framework\system\CodeIgniter.php(320): CodeIgniter\CodeIgniter->handleRequest(NULL, Object(Config\Cache), false)
#10 D:\xampp\htdocs\tokobuku\public\index.php(37): CodeIgniter\CodeIgniter->run()
#11 D:\xampp\htdocs\tokobuku\vendor\codeigniter4\framework\system\Commands\Server\rewrite.php(43): require_once('D:\\xampp\\htdocs...')
#12 {main}
CRITICAL - 2022-01-24 21:50:14 --> Call to a member function getTable() on null
#0 [internal function]: App\Controllers\User->App\Controllers\{closure}(NULL, Object(stdClass))
#1 D:\xampp\htdocs\tokobuku\app\Libraries\GroceryCrud.php(1572): call_user_func(Object(Closure), NULL, Object(stdClass))
#2 D:\xampp\htdocs\tokobuku\app\Libraries\GroceryCrud.php(1341): App\Libraries\grocery_CRUD_Layout->change_list(Array, Array)
#3 D:\xampp\htdocs\tokobuku\app\Libraries\GroceryCrud.php(4185): App\Libraries\grocery_CRUD_Layout->showList(false, Object(stdClass))
#4 D:\xampp\htdocs\tokobuku\app\Controllers\User.php(32): App\Libraries\GroceryCrud->render()
#5 D:\xampp\htdocs\tokobuku\vendor\codeigniter4\framework\system\CodeIgniter.php(825): App\Controllers\User->index()
#6 D:\xampp\htdocs\tokobuku\vendor\codeigniter4\framework\system\CodeIgniter.php(412): CodeIgniter\CodeIgniter->runController(Object(App\Controllers\User))
#7 D:\xampp\htdocs\tokobuku\vendor\codeigniter4\framework\system\CodeIgniter.php(320): CodeIgniter\CodeIgniter->handleRequest(NULL, Object(Config\Cache), false)
#8 D:\xampp\htdocs\tokobuku\public\index.php(37): CodeIgniter\CodeIgniter->run()
#9 D:\xampp\htdocs\tokobuku\vendor\codeigniter4\framework\system\Commands\Server\rewrite.php(43): require_once('D:\\xampp\\htdocs...')
#10 {main}
CRITICAL - 2022-01-24 21:51:43 --> Undefined property: App\Controllers\User::$db
#0 D:\xampp\htdocs\tokobuku\app\Controllers\User.php(27): CodeIgniter\Debug\Exceptions->errorHandler(8, 'Undefined prope...', 'D:\\xampp\\htdocs...', 27, Array)
#1 [internal function]: App\Controllers\User->App\Controllers\{closure}(NULL, Object(stdClass))
#2 D:\xampp\htdocs\tokobuku\app\Libraries\GroceryCrud.php(1572): call_user_func(Object(Closure), NULL, Object(stdClass))
#3 D:\xampp\htdocs\tokobuku\app\Libraries\GroceryCrud.php(1341): App\Libraries\grocery_CRUD_Layout->change_list(Array, Array)
#4 D:\xampp\htdocs\tokobuku\app\Libraries\GroceryCrud.php(4185): App\Libraries\grocery_CRUD_Layout->showList(false, Object(stdClass))
#5 D:\xampp\htdocs\tokobuku\app\Controllers\User.php(31): App\Libraries\GroceryCrud->render()
#6 D:\xampp\htdocs\tokobuku\vendor\codeigniter4\framework\system\CodeIgniter.php(825): App\Controllers\User->index()
#7 D:\xampp\htdocs\tokobuku\vendor\codeigniter4\framework\system\CodeIgniter.php(412): CodeIgniter\CodeIgniter->runController(Object(App\Controllers\User))
#8 D:\xampp\htdocs\tokobuku\vendor\codeigniter4\framework\system\CodeIgniter.php(320): CodeIgniter\CodeIgniter->handleRequest(NULL, Object(Config\Cache), false)
#9 D:\xampp\htdocs\tokobuku\public\index.php(37): CodeIgniter\CodeIgniter->run()
#10 D:\xampp\htdocs\tokobuku\vendor\codeigniter4\framework\system\Commands\Server\rewrite.php(43): require_once('D:\\xampp\\htdocs...')
#11 {main}
CRITICAL - 2022-01-24 22:15:31 --> Trying to get property 'user_id' of non-object
#0 D:\xampp\htdocs\tokobuku\app\Controllers\User.php(24): CodeIgniter\Debug\Exceptions->errorHandler(8, 'Trying to get p...', 'D:\\xampp\\htdocs...', 24, Array)
#1 [internal function]: App\Controllers\User->App\Controllers\{closure}('1', Object(stdClass))
#2 D:\xampp\htdocs\tokobuku\app\Libraries\GroceryCrud.php(1554): call_user_func(Object(Closure), '1', Object(stdClass))
#3 D:\xampp\htdocs\tokobuku\app\Libraries\GroceryCrud.php(1342): App\Libraries\grocery_CRUD_Layout->change_list_add_actions(Array)
#4 D:\xampp\htdocs\tokobuku\app\Libraries\GroceryCrud.php(4185): App\Libraries\grocery_CRUD_Layout->showList(false, Object(stdClass))
#5 D:\xampp\htdocs\tokobuku\app\Controllers\User.php(27): App\Libraries\GroceryCrud->render()
#6 D:\xampp\htdocs\tokobuku\vendor\codeigniter4\framework\system\CodeIgniter.php(825): App\Controllers\User->index()
#7 D:\xampp\htdocs\tokobuku\vendor\codeigniter4\framework\system\CodeIgniter.php(412): CodeIgniter\CodeIgniter->runController(Object(App\Controllers\User))
#8 D:\xampp\htdocs\tokobuku\vendor\codeigniter4\framework\system\CodeIgniter.php(320): CodeIgniter\CodeIgniter->handleRequest(NULL, Object(Config\Cache), false)
#9 D:\xampp\htdocs\tokobuku\public\index.php(37): CodeIgniter\CodeIgniter->run()
#10 D:\xampp\htdocs\tokobuku\vendor\codeigniter4\framework\system\Commands\Server\rewrite.php(43): require_once('D:\\xampp\\htdocs...')
#11 {main}
CRITICAL - 2022-01-24 22:15:50 --> Trying to get property 'name' of non-object
#0 D:\xampp\htdocs\tokobuku\app\Controllers\User.php(24): CodeIgniter\Debug\Exceptions->errorHandler(8, 'Trying to get p...', 'D:\\xampp\\htdocs...', 24, Array)
#1 [internal function]: App\Controllers\User->App\Controllers\{closure}('1', Object(stdClass))
#2 D:\xampp\htdocs\tokobuku\app\Libraries\GroceryCrud.php(1554): call_user_func(Object(Closure), '1', Object(stdClass))
#3 D:\xampp\htdocs\tokobuku\app\Libraries\GroceryCrud.php(1342): App\Libraries\grocery_CRUD_Layout->change_list_add_actions(Array)
#4 D:\xampp\htdocs\tokobuku\app\Libraries\GroceryCrud.php(4185): App\Libraries\grocery_CRUD_Layout->showList(false, Object(stdClass))
#5 D:\xampp\htdocs\tokobuku\app\Controllers\User.php(27): App\Libraries\GroceryCrud->render()
#6 D:\xampp\htdocs\tokobuku\vendor\codeigniter4\framework\system\CodeIgniter.php(825): App\Controllers\User->index()
#7 D:\xampp\htdocs\tokobuku\vendor\codeigniter4\framework\system\CodeIgniter.php(412): CodeIgniter\CodeIgniter->runController(Object(App\Controllers\User))
#8 D:\xampp\htdocs\tokobuku\vendor\codeigniter4\framework\system\CodeIgniter.php(320): CodeIgniter\CodeIgniter->handleRequest(NULL, Object(Config\Cache), false)
#9 D:\xampp\htdocs\tokobuku\public\index.php(37): CodeIgniter\CodeIgniter->run()
#10 D:\xampp\htdocs\tokobuku\vendor\codeigniter4\framework\system\Commands\Server\rewrite.php(43): require_once('D:\\xampp\\htdocs...')
#11 {main}
CRITICAL - 2022-01-24 23:50:27 --> Argument 1 passed to App\Libraries\GroceryCrud::callbackBeforeInsert() must be callable, string given, called in D:\xampp\htdocs\tokobuku\app\Controllers\User.php on line 25
#0 D:\xampp\htdocs\tokobuku\app\Controllers\User.php(25): App\Libraries\GroceryCrud->callbackBeforeInsert('password', Array)
#1 D:\xampp\htdocs\tokobuku\vendor\codeigniter4\framework\system\CodeIgniter.php(825): App\Controllers\User->index()
#2 D:\xampp\htdocs\tokobuku\vendor\codeigniter4\framework\system\CodeIgniter.php(412): CodeIgniter\CodeIgniter->runController(Object(App\Controllers\User))
#3 D:\xampp\htdocs\tokobuku\vendor\codeigniter4\framework\system\CodeIgniter.php(320): CodeIgniter\CodeIgniter->handleRequest(NULL, Object(Config\Cache), false)
#4 D:\xampp\htdocs\tokobuku\public\index.php(37): CodeIgniter\CodeIgniter->run()
#5 D:\xampp\htdocs\tokobuku\vendor\codeigniter4\framework\system\Commands\Server\rewrite.php(43): require_once('D:\\xampp\\htdocs...')
#6 {main}
