CRITICAL - 2022-02-07 00:05:36 --> unlink(img/1642865725_2628da0ab411f42d8e4a.jpg): No such file or directory
#0 [internal function]: CodeIgniter\Debug\Exceptions->errorHandler(2, 'unlink(img/1642...', 'D:\\xampp\\htdocs...', 342, Array)
#1 D:\xampp\htdocs\tokobuku\app\Controllers\Book.php(342): unlink('img/1642865725_...')
#2 D:\xampp\htdocs\tokobuku\vendor\codeigniter4\framework\system\CodeIgniter.php(825): App\Controllers\Book->update('6')
#3 D:\xampp\htdocs\tokobuku\vendor\codeigniter4\framework\system\CodeIgniter.php(412): CodeIgniter\CodeIgniter->runController(Object(App\Controllers\Book))
#4 D:\xampp\htdocs\tokobuku\vendor\codeigniter4\framework\system\CodeIgniter.php(320): CodeIgniter\CodeIgniter->handleRequest(NULL, Object(Config\Cache), false)
#5 D:\xampp\htdocs\tokobuku\public\index.php(37): CodeIgniter\CodeIgniter->run()
#6 D:\xampp\htdocs\tokobuku\vendor\codeigniter4\framework\system\Commands\Server\rewrite.php(43): require_once('D:\\xampp\\htdocs...')
#7 {main}
CRITICAL - 2022-02-07 01:53:03 --> Undefined variable: result
#0 D:\xampp\htdocs\tokobuku\app\Views\penjualan\report.php(38): CodeIgniter\Debug\Exceptions->errorHandler(8, 'Undefined varia...', 'D:\\xampp\\htdocs...', 38, Array)
#1 D:\xampp\htdocs\tokobuku\vendor\codeigniter4\framework\system\View\View.php(210): include('D:\\xampp\\htdocs...')
#2 D:\xampp\htdocs\tokobuku\vendor\codeigniter4\framework\system\View\View.php(213): CodeIgniter\View\View->CodeIgniter\View\{closure}()
#3 D:\xampp\htdocs\tokobuku\vendor\codeigniter4\framework\system\Common.php(1089): CodeIgniter\View\View->render('penjualan/repor...', Array, true)
#4 D:\xampp\htdocs\tokobuku\app\Controllers\Penjualan.php(190): view('penjualan/repor...', Array)
#5 D:\xampp\htdocs\tokobuku\vendor\codeigniter4\framework\system\CodeIgniter.php(825): App\Controllers\Penjualan->report()
#6 D:\xampp\htdocs\tokobuku\vendor\codeigniter4\framework\system\CodeIgniter.php(412): CodeIgniter\CodeIgniter->runController(Object(App\Controllers\Penjualan))
#7 D:\xampp\htdocs\tokobuku\vendor\codeigniter4\framework\system\CodeIgniter.php(320): CodeIgniter\CodeIgniter->handleRequest(NULL, Object(Config\Cache), false)
#8 D:\xampp\htdocs\tokobuku\public\index.php(37): CodeIgniter\CodeIgniter->run()
#9 D:\xampp\htdocs\tokobuku\vendor\codeigniter4\framework\system\Commands\Server\rewrite.php(43): require_once('D:\\xampp\\htdocs...')
#10 {main}
CRITICAL - 2022-02-07 20:22:35 --> Undefined index: username
#0 D:\xampp\htdocs\tokobuku\app\Views\penjualan\report.php(41): CodeIgniter\Debug\Exceptions->errorHandler(8, 'Undefined index...', 'D:\\xampp\\htdocs...', 41, Array)
#1 D:\xampp\htdocs\tokobuku\vendor\codeigniter4\framework\system\View\View.php(210): include('D:\\xampp\\htdocs...')
#2 D:\xampp\htdocs\tokobuku\vendor\codeigniter4\framework\system\View\View.php(213): CodeIgniter\View\View->CodeIgniter\View\{closure}()
#3 D:\xampp\htdocs\tokobuku\vendor\codeigniter4\framework\system\Common.php(1089): CodeIgniter\View\View->render('penjualan/repor...', Array, true)
#4 D:\xampp\htdocs\tokobuku\app\Controllers\Penjualan.php(191): view('penjualan/repor...', Array)
#5 D:\xampp\htdocs\tokobuku\vendor\codeigniter4\framework\system\CodeIgniter.php(825): App\Controllers\Penjualan->report()
#6 D:\xampp\htdocs\tokobuku\vendor\codeigniter4\framework\system\CodeIgniter.php(412): CodeIgniter\CodeIgniter->runController(Object(App\Controllers\Penjualan))
#7 D:\xampp\htdocs\tokobuku\vendor\codeigniter4\framework\system\CodeIgniter.php(320): CodeIgniter\CodeIgniter->handleRequest(NULL, Object(Config\Cache), false)
#8 D:\xampp\htdocs\tokobuku\public\index.php(37): CodeIgniter\CodeIgniter->run()
#9 D:\xampp\htdocs\tokobuku\vendor\codeigniter4\framework\system\Commands\Server\rewrite.php(43): require_once('D:\\xampp\\htdocs...')
#10 {main}
ERROR - 2022-02-07 20:22:51 --> Unknown column 'user_id' in 'from clause'
CRITICAL - 2022-02-07 20:22:51 --> Unknown column 'user_id' in 'from clause'
#0 D:\xampp\htdocs\tokobuku\vendor\codeigniter4\framework\system\Database\MySQLi\Connection.php(292): mysqli->query('SELECT *\nFROM `...', 0)
#1 D:\xampp\htdocs\tokobuku\vendor\codeigniter4\framework\system\Database\BaseConnection.php(670): CodeIgniter\Database\MySQLi\Connection->execute('SELECT *\nFROM `...')
#2 D:\xampp\htdocs\tokobuku\vendor\codeigniter4\framework\system\Database\BaseConnection.php(598): CodeIgniter\Database\BaseConnection->simpleQuery('SELECT *\nFROM `...')
#3 D:\xampp\htdocs\tokobuku\vendor\codeigniter4\framework\system\Database\BaseBuilder.php(1455): CodeIgniter\Database\BaseConnection->query('SELECT *\nFROM `...', Array, false)
#4 D:\xampp\htdocs\tokobuku\vendor\codeigniter4\framework\system\Model.php(728): CodeIgniter\Database\BaseBuilder->get()
#5 D:\xampp\htdocs\tokobuku\app\Models\SaleModel.php(19): CodeIgniter\Model->__call('get', Array)
#6 D:\xampp\htdocs\tokobuku\app\Controllers\Penjualan.php(186): App\Models\SaleModel->getReport()
#7 D:\xampp\htdocs\tokobuku\vendor\codeigniter4\framework\system\CodeIgniter.php(825): App\Controllers\Penjualan->report()
#8 D:\xampp\htdocs\tokobuku\vendor\codeigniter4\framework\system\CodeIgniter.php(412): CodeIgniter\CodeIgniter->runController(Object(App\Controllers\Penjualan))
#9 D:\xampp\htdocs\tokobuku\vendor\codeigniter4\framework\system\CodeIgniter.php(320): CodeIgniter\CodeIgniter->handleRequest(NULL, Object(Config\Cache), false)
#10 D:\xampp\htdocs\tokobuku\public\index.php(37): CodeIgniter\CodeIgniter->run()
#11 D:\xampp\htdocs\tokobuku\vendor\codeigniter4\framework\system\Commands\Server\rewrite.php(43): require_once('D:\\xampp\\htdocs...')
#12 {main}
ERROR - 2022-02-07 20:23:11 --> Unknown column 'user_id' in 'from clause'
CRITICAL - 2022-02-07 20:23:11 --> Unknown column 'user_id' in 'from clause'
#0 D:\xampp\htdocs\tokobuku\vendor\codeigniter4\framework\system\Database\MySQLi\Connection.php(292): mysqli->query('SELECT *\nFROM `...', 0)
#1 D:\xampp\htdocs\tokobuku\vendor\codeigniter4\framework\system\Database\BaseConnection.php(670): CodeIgniter\Database\MySQLi\Connection->execute('SELECT *\nFROM `...')
#2 D:\xampp\htdocs\tokobuku\vendor\codeigniter4\framework\system\Database\BaseConnection.php(598): CodeIgniter\Database\BaseConnection->simpleQuery('SELECT *\nFROM `...')
#3 D:\xampp\htdocs\tokobuku\vendor\codeigniter4\framework\system\Database\BaseBuilder.php(1455): CodeIgniter\Database\BaseConnection->query('SELECT *\nFROM `...', Array, false)
#4 D:\xampp\htdocs\tokobuku\vendor\codeigniter4\framework\system\Model.php(728): CodeIgniter\Database\BaseBuilder->get()
#5 D:\xampp\htdocs\tokobuku\app\Models\SaleModel.php(19): CodeIgniter\Model->__call('get', Array)
#6 D:\xampp\htdocs\tokobuku\app\Controllers\Penjualan.php(186): App\Models\SaleModel->getReport()
#7 D:\xampp\htdocs\tokobuku\vendor\codeigniter4\framework\system\CodeIgniter.php(825): App\Controllers\Penjualan->report()
#8 D:\xampp\htdocs\tokobuku\vendor\codeigniter4\framework\system\CodeIgniter.php(412): CodeIgniter\CodeIgniter->runController(Object(App\Controllers\Penjualan))
#9 D:\xampp\htdocs\tokobuku\vendor\codeigniter4\framework\system\CodeIgniter.php(320): CodeIgniter\CodeIgniter->handleRequest(NULL, Object(Config\Cache), false)
#10 D:\xampp\htdocs\tokobuku\public\index.php(37): CodeIgniter\CodeIgniter->run()
#11 D:\xampp\htdocs\tokobuku\vendor\codeigniter4\framework\system\Commands\Server\rewrite.php(43): require_once('D:\\xampp\\htdocs...')
#12 {main}
ERROR - 2022-02-07 20:23:41 --> Unknown column 'user_id' in 'from clause'
CRITICAL - 2022-02-07 20:23:41 --> Unknown column 'user_id' in 'from clause'
#0 D:\xampp\htdocs\tokobuku\vendor\codeigniter4\framework\system\Database\MySQLi\Connection.php(292): mysqli->query('SELECT *\nFROM `...', 0)
#1 D:\xampp\htdocs\tokobuku\vendor\codeigniter4\framework\system\Database\BaseConnection.php(670): CodeIgniter\Database\MySQLi\Connection->execute('SELECT *\nFROM `...')
#2 D:\xampp\htdocs\tokobuku\vendor\codeigniter4\framework\system\Database\BaseConnection.php(598): CodeIgniter\Database\BaseConnection->simpleQuery('SELECT *\nFROM `...')
#3 D:\xampp\htdocs\tokobuku\vendor\codeigniter4\framework\system\Database\BaseBuilder.php(1455): CodeIgniter\Database\BaseConnection->query('SELECT *\nFROM `...', Array, false)
#4 D:\xampp\htdocs\tokobuku\vendor\codeigniter4\framework\system\Model.php(728): CodeIgniter\Database\BaseBuilder->get()
#5 D:\xampp\htdocs\tokobuku\app\Models\SaleModel.php(19): CodeIgniter\Model->__call('get', Array)
#6 D:\xampp\htdocs\tokobuku\app\Controllers\Penjualan.php(186): App\Models\SaleModel->getReport()
#7 D:\xampp\htdocs\tokobuku\vendor\codeigniter4\framework\system\CodeIgniter.php(825): App\Controllers\Penjualan->report()
#8 D:\xampp\htdocs\tokobuku\vendor\codeigniter4\framework\system\CodeIgniter.php(412): CodeIgniter\CodeIgniter->runController(Object(App\Controllers\Penjualan))
#9 D:\xampp\htdocs\tokobuku\vendor\codeigniter4\framework\system\CodeIgniter.php(320): CodeIgniter\CodeIgniter->handleRequest(NULL, Object(Config\Cache), false)
#10 D:\xampp\htdocs\tokobuku\public\index.php(37): CodeIgniter\CodeIgniter->run()
#11 D:\xampp\htdocs\tokobuku\vendor\codeigniter4\framework\system\Commands\Server\rewrite.php(43): require_once('D:\\xampp\\htdocs...')
#12 {main}
ERROR - 2022-02-07 20:23:44 --> Unknown column 'user_id' in 'from clause'
CRITICAL - 2022-02-07 20:23:44 --> Unknown column 'user_id' in 'from clause'
#0 D:\xampp\htdocs\tokobuku\vendor\codeigniter4\framework\system\Database\MySQLi\Connection.php(292): mysqli->query('SELECT *\nFROM `...', 0)
#1 D:\xampp\htdocs\tokobuku\vendor\codeigniter4\framework\system\Database\BaseConnection.php(670): CodeIgniter\Database\MySQLi\Connection->execute('SELECT *\nFROM `...')
#2 D:\xampp\htdocs\tokobuku\vendor\codeigniter4\framework\system\Database\BaseConnection.php(598): CodeIgniter\Database\BaseConnection->simpleQuery('SELECT *\nFROM `...')
#3 D:\xampp\htdocs\tokobuku\vendor\codeigniter4\framework\system\Database\BaseBuilder.php(1455): CodeIgniter\Database\BaseConnection->query('SELECT *\nFROM `...', Array, false)
#4 D:\xampp\htdocs\tokobuku\vendor\codeigniter4\framework\system\Model.php(728): CodeIgniter\Database\BaseBuilder->get()
#5 D:\xampp\htdocs\tokobuku\app\Models\SaleModel.php(19): CodeIgniter\Model->__call('get', Array)
#6 D:\xampp\htdocs\tokobuku\app\Controllers\Penjualan.php(186): App\Models\SaleModel->getReport()
#7 D:\xampp\htdocs\tokobuku\vendor\codeigniter4\framework\system\CodeIgniter.php(825): App\Controllers\Penjualan->report()
#8 D:\xampp\htdocs\tokobuku\vendor\codeigniter4\framework\system\CodeIgniter.php(412): CodeIgniter\CodeIgniter->runController(Object(App\Controllers\Penjualan))
#9 D:\xampp\htdocs\tokobuku\vendor\codeigniter4\framework\system\CodeIgniter.php(320): CodeIgniter\CodeIgniter->handleRequest(NULL, Object(Config\Cache), false)
#10 D:\xampp\htdocs\tokobuku\public\index.php(37): CodeIgniter\CodeIgniter->run()
#11 D:\xampp\htdocs\tokobuku\vendor\codeigniter4\framework\system\Commands\Server\rewrite.php(43): require_once('D:\\xampp\\htdocs...')
#12 {main}
ERROR - 2022-02-07 20:24:12 --> Unknown column 's.user_id' in 'on clause'
CRITICAL - 2022-02-07 20:24:12 --> Unknown column 's.user_id' in 'on clause'
#0 D:\xampp\htdocs\tokobuku\vendor\codeigniter4\framework\system\Database\MySQLi\Connection.php(292): mysqli->query('SELECT *\nFROM `...', 0)
#1 D:\xampp\htdocs\tokobuku\vendor\codeigniter4\framework\system\Database\BaseConnection.php(670): CodeIgniter\Database\MySQLi\Connection->execute('SELECT *\nFROM `...')
#2 D:\xampp\htdocs\tokobuku\vendor\codeigniter4\framework\system\Database\BaseConnection.php(598): CodeIgniter\Database\BaseConnection->simpleQuery('SELECT *\nFROM `...')
#3 D:\xampp\htdocs\tokobuku\vendor\codeigniter4\framework\system\Database\BaseBuilder.php(1455): CodeIgniter\Database\BaseConnection->query('SELECT *\nFROM `...', Array, false)
#4 D:\xampp\htdocs\tokobuku\vendor\codeigniter4\framework\system\Model.php(728): CodeIgniter\Database\BaseBuilder->get()
#5 D:\xampp\htdocs\tokobuku\app\Models\SaleModel.php(19): CodeIgniter\Model->__call('get', Array)
#6 D:\xampp\htdocs\tokobuku\app\Controllers\Penjualan.php(186): App\Models\SaleModel->getReport()
#7 D:\xampp\htdocs\tokobuku\vendor\codeigniter4\framework\system\CodeIgniter.php(825): App\Controllers\Penjualan->report()
#8 D:\xampp\htdocs\tokobuku\vendor\codeigniter4\framework\system\CodeIgniter.php(412): CodeIgniter\CodeIgniter->runController(Object(App\Controllers\Penjualan))
#9 D:\xampp\htdocs\tokobuku\vendor\codeigniter4\framework\system\CodeIgniter.php(320): CodeIgniter\CodeIgniter->handleRequest(NULL, Object(Config\Cache), false)
#10 D:\xampp\htdocs\tokobuku\public\index.php(37): CodeIgniter\CodeIgniter->run()
#11 D:\xampp\htdocs\tokobuku\vendor\codeigniter4\framework\system\Commands\Server\rewrite.php(43): require_once('D:\\xampp\\htdocs...')
#12 {main}
ERROR - 2022-02-07 20:25:01 --> Unknown column 's.user_id' in 'on clause'
CRITICAL - 2022-02-07 20:25:01 --> Unknown column 's.user_id' in 'on clause'
#0 D:\xampp\htdocs\tokobuku\vendor\codeigniter4\framework\system\Database\MySQLi\Connection.php(292): mysqli->query('SELECT *\nFROM `...', 0)
#1 D:\xampp\htdocs\tokobuku\vendor\codeigniter4\framework\system\Database\BaseConnection.php(670): CodeIgniter\Database\MySQLi\Connection->execute('SELECT *\nFROM `...')
#2 D:\xampp\htdocs\tokobuku\vendor\codeigniter4\framework\system\Database\BaseConnection.php(598): CodeIgniter\Database\BaseConnection->simpleQuery('SELECT *\nFROM `...')
#3 D:\xampp\htdocs\tokobuku\vendor\codeigniter4\framework\system\Database\BaseBuilder.php(1455): CodeIgniter\Database\BaseConnection->query('SELECT *\nFROM `...', Array, false)
#4 D:\xampp\htdocs\tokobuku\vendor\codeigniter4\framework\system\Model.php(728): CodeIgniter\Database\BaseBuilder->get()
#5 D:\xampp\htdocs\tokobuku\app\Models\SaleModel.php(19): CodeIgniter\Model->__call('get', Array)
#6 D:\xampp\htdocs\tokobuku\app\Controllers\Penjualan.php(186): App\Models\SaleModel->getReport()
#7 D:\xampp\htdocs\tokobuku\vendor\codeigniter4\framework\system\CodeIgniter.php(825): App\Controllers\Penjualan->report()
#8 D:\xampp\htdocs\tokobuku\vendor\codeigniter4\framework\system\CodeIgniter.php(412): CodeIgniter\CodeIgniter->runController(Object(App\Controllers\Penjualan))
#9 D:\xampp\htdocs\tokobuku\vendor\codeigniter4\framework\system\CodeIgniter.php(320): CodeIgniter\CodeIgniter->handleRequest(NULL, Object(Config\Cache), false)
#10 D:\xampp\htdocs\tokobuku\public\index.php(37): CodeIgniter\CodeIgniter->run()
#11 D:\xampp\htdocs\tokobuku\vendor\codeigniter4\framework\system\Commands\Server\rewrite.php(43): require_once('D:\\xampp\\htdocs...')
#12 {main}
ERROR - 2022-02-07 20:27:54 --> Unknown column 'sale.slae_id' in 'field list'
CRITICAL - 2022-02-07 20:27:54 --> Unknown column 'sale.slae_id' in 'field list'
#0 D:\xampp\htdocs\tokobuku\vendor\codeigniter4\framework\system\Database\MySQLi\Connection.php(292): mysqli->query('SELECT `sale`.`...', 0)
#1 D:\xampp\htdocs\tokobuku\vendor\codeigniter4\framework\system\Database\BaseConnection.php(670): CodeIgniter\Database\MySQLi\Connection->execute('SELECT `sale`.`...')
#2 D:\xampp\htdocs\tokobuku\vendor\codeigniter4\framework\system\Database\BaseConnection.php(598): CodeIgniter\Database\BaseConnection->simpleQuery('SELECT `sale`.`...')
#3 D:\xampp\htdocs\tokobuku\vendor\codeigniter4\framework\system\Database\BaseBuilder.php(1455): CodeIgniter\Database\BaseConnection->query('SELECT `sale`.`...', Array, false)
#4 D:\xampp\htdocs\tokobuku\vendor\codeigniter4\framework\system\Model.php(728): CodeIgniter\Database\BaseBuilder->get()
#5 D:\xampp\htdocs\tokobuku\app\Models\SaleModel.php(20): CodeIgniter\Model->__call('get', Array)
#6 D:\xampp\htdocs\tokobuku\app\Controllers\Penjualan.php(186): App\Models\SaleModel->getReport()
#7 D:\xampp\htdocs\tokobuku\vendor\codeigniter4\framework\system\CodeIgniter.php(825): App\Controllers\Penjualan->report()
#8 D:\xampp\htdocs\tokobuku\vendor\codeigniter4\framework\system\CodeIgniter.php(412): CodeIgniter\CodeIgniter->runController(Object(App\Controllers\Penjualan))
#9 D:\xampp\htdocs\tokobuku\vendor\codeigniter4\framework\system\CodeIgniter.php(320): CodeIgniter\CodeIgniter->handleRequest(NULL, Object(Config\Cache), false)
#10 D:\xampp\htdocs\tokobuku\public\index.php(37): CodeIgniter\CodeIgniter->run()
#11 D:\xampp\htdocs\tokobuku\vendor\codeigniter4\framework\system\Commands\Server\rewrite.php(43): require_once('D:\\xampp\\htdocs...')
#12 {main}
CRITICAL - 2022-02-07 20:28:32 --> Trying to get property 'sale_id' of non-object
#0 D:\xampp\htdocs\tokobuku\app\Views\penjualan\report.php(39): CodeIgniter\Debug\Exceptions->errorHandler(8, 'Trying to get p...', 'D:\\xampp\\htdocs...', 39, Array)
#1 D:\xampp\htdocs\tokobuku\vendor\codeigniter4\framework\system\View\View.php(210): include('D:\\xampp\\htdocs...')
#2 D:\xampp\htdocs\tokobuku\vendor\codeigniter4\framework\system\View\View.php(213): CodeIgniter\View\View->CodeIgniter\View\{closure}()
#3 D:\xampp\htdocs\tokobuku\vendor\codeigniter4\framework\system\Common.php(1089): CodeIgniter\View\View->render('penjualan/repor...', Array, true)
#4 D:\xampp\htdocs\tokobuku\app\Controllers\Penjualan.php(192): view('penjualan/repor...', Array)
#5 D:\xampp\htdocs\tokobuku\vendor\codeigniter4\framework\system\CodeIgniter.php(825): App\Controllers\Penjualan->report()
#6 D:\xampp\htdocs\tokobuku\vendor\codeigniter4\framework\system\CodeIgniter.php(412): CodeIgniter\CodeIgniter->runController(Object(App\Controllers\Penjualan))
#7 D:\xampp\htdocs\tokobuku\vendor\codeigniter4\framework\system\CodeIgniter.php(320): CodeIgniter\CodeIgniter->handleRequest(NULL, Object(Config\Cache), false)
#8 D:\xampp\htdocs\tokobuku\public\index.php(37): CodeIgniter\CodeIgniter->run()
#9 D:\xampp\htdocs\tokobuku\vendor\codeigniter4\framework\system\Commands\Server\rewrite.php(43): require_once('D:\\xampp\\htdocs...')
#10 {main}
CRITICAL - 2022-02-07 20:28:42 --> Undefined index: user_id
#0 D:\xampp\htdocs\tokobuku\app\Views\penjualan\report.php(41): CodeIgniter\Debug\Exceptions->errorHandler(8, 'Undefined index...', 'D:\\xampp\\htdocs...', 41, Array)
#1 D:\xampp\htdocs\tokobuku\vendor\codeigniter4\framework\system\View\View.php(210): include('D:\\xampp\\htdocs...')
#2 D:\xampp\htdocs\tokobuku\vendor\codeigniter4\framework\system\View\View.php(213): CodeIgniter\View\View->CodeIgniter\View\{closure}()
#3 D:\xampp\htdocs\tokobuku\vendor\codeigniter4\framework\system\Common.php(1089): CodeIgniter\View\View->render('penjualan/repor...', Array, true)
#4 D:\xampp\htdocs\tokobuku\app\Controllers\Penjualan.php(192): view('penjualan/repor...', Array)
#5 D:\xampp\htdocs\tokobuku\vendor\codeigniter4\framework\system\CodeIgniter.php(825): App\Controllers\Penjualan->report()
#6 D:\xampp\htdocs\tokobuku\vendor\codeigniter4\framework\system\CodeIgniter.php(412): CodeIgniter\CodeIgniter->runController(Object(App\Controllers\Penjualan))
#7 D:\xampp\htdocs\tokobuku\vendor\codeigniter4\framework\system\CodeIgniter.php(320): CodeIgniter\CodeIgniter->handleRequest(NULL, Object(Config\Cache), false)
#8 D:\xampp\htdocs\tokobuku\public\index.php(37): CodeIgniter\CodeIgniter->run()
#9 D:\xampp\htdocs\tokobuku\vendor\codeigniter4\framework\system\Commands\Server\rewrite.php(43): require_once('D:\\xampp\\htdocs...')
#10 {main}
CRITICAL - 2022-02-07 20:30:56 --> Undefined index: firtname
#0 D:\xampp\htdocs\tokobuku\app\Views\penjualan\report.php(41): CodeIgniter\Debug\Exceptions->errorHandler(8, 'Undefined index...', 'D:\\xampp\\htdocs...', 41, Array)
#1 D:\xampp\htdocs\tokobuku\vendor\codeigniter4\framework\system\View\View.php(210): include('D:\\xampp\\htdocs...')
#2 D:\xampp\htdocs\tokobuku\vendor\codeigniter4\framework\system\View\View.php(213): CodeIgniter\View\View->CodeIgniter\View\{closure}()
#3 D:\xampp\htdocs\tokobuku\vendor\codeigniter4\framework\system\Common.php(1089): CodeIgniter\View\View->render('penjualan/repor...', Array, true)
#4 D:\xampp\htdocs\tokobuku\app\Controllers\Penjualan.php(192): view('penjualan/repor...', Array)
#5 D:\xampp\htdocs\tokobuku\vendor\codeigniter4\framework\system\CodeIgniter.php(825): App\Controllers\Penjualan->report()
#6 D:\xampp\htdocs\tokobuku\vendor\codeigniter4\framework\system\CodeIgniter.php(412): CodeIgniter\CodeIgniter->runController(Object(App\Controllers\Penjualan))
#7 D:\xampp\htdocs\tokobuku\vendor\codeigniter4\framework\system\CodeIgniter.php(320): CodeIgniter\CodeIgniter->handleRequest(NULL, Object(Config\Cache), false)
#8 D:\xampp\htdocs\tokobuku\public\index.php(37): CodeIgniter\CodeIgniter->run()
#9 D:\xampp\htdocs\tokobuku\vendor\codeigniter4\framework\system\Commands\Server\rewrite.php(43): require_once('D:\\xampp\\htdocs...')
#10 {main}
ERROR - 2022-02-07 20:36:50 --> Unknown column 'total_price' in 'field list'
CRITICAL - 2022-02-07 20:36:50 --> Unknown column 'total_price' in 'field list'
#0 D:\xampp\htdocs\tokobuku\vendor\codeigniter4\framework\system\Database\MySQLi\Connection.php(292): mysqli->query('SELECT SUM(tota...', 0)
#1 D:\xampp\htdocs\tokobuku\vendor\codeigniter4\framework\system\Database\BaseConnection.php(670): CodeIgniter\Database\MySQLi\Connection->execute('SELECT SUM(tota...')
#2 D:\xampp\htdocs\tokobuku\vendor\codeigniter4\framework\system\Database\BaseConnection.php(598): CodeIgniter\Database\BaseConnection->simpleQuery('SELECT SUM(tota...')
#3 D:\xampp\htdocs\tokobuku\vendor\codeigniter4\framework\system\Database\BaseBuilder.php(1455): CodeIgniter\Database\BaseConnection->query('SELECT SUM(tota...', Array, false)
#4 D:\xampp\htdocs\tokobuku\vendor\codeigniter4\framework\system\Model.php(728): CodeIgniter\Database\BaseBuilder->get()
#5 D:\xampp\htdocs\tokobuku\app\Models\SaleModel.php(22): CodeIgniter\Model->__call('get', Array)
#6 D:\xampp\htdocs\tokobuku\app\Controllers\Penjualan.php(186): App\Models\SaleModel->getReport()
#7 D:\xampp\htdocs\tokobuku\vendor\codeigniter4\framework\system\CodeIgniter.php(825): App\Controllers\Penjualan->report()
#8 D:\xampp\htdocs\tokobuku\vendor\codeigniter4\framework\system\CodeIgniter.php(412): CodeIgniter\CodeIgniter->runController(Object(App\Controllers\Penjualan))
#9 D:\xampp\htdocs\tokobuku\vendor\codeigniter4\framework\system\CodeIgniter.php(320): CodeIgniter\CodeIgniter->handleRequest(NULL, Object(Config\Cache), false)
#10 D:\xampp\htdocs\tokobuku\public\index.php(37): CodeIgniter\CodeIgniter->run()
#11 D:\xampp\htdocs\tokobuku\vendor\codeigniter4\framework\system\Commands\Server\rewrite.php(43): require_once('D:\\xampp\\htdocs...')
#12 {main}
ERROR - 2022-02-07 20:37:14 --> Unknown column 'total_price' in 'field list'
CRITICAL - 2022-02-07 20:37:14 --> Unknown column 'total_price' in 'field list'
#0 D:\xampp\htdocs\tokobuku\vendor\codeigniter4\framework\system\Database\MySQLi\Connection.php(292): mysqli->query('SELECT SUM(tota...', 0)
#1 D:\xampp\htdocs\tokobuku\vendor\codeigniter4\framework\system\Database\BaseConnection.php(670): CodeIgniter\Database\MySQLi\Connection->execute('SELECT SUM(tota...')
#2 D:\xampp\htdocs\tokobuku\vendor\codeigniter4\framework\system\Database\BaseConnection.php(598): CodeIgniter\Database\BaseConnection->simpleQuery('SELECT SUM(tota...')
#3 D:\xampp\htdocs\tokobuku\vendor\codeigniter4\framework\system\Database\BaseBuilder.php(1455): CodeIgniter\Database\BaseConnection->query('SELECT SUM(tota...', Array, false)
#4 D:\xampp\htdocs\tokobuku\vendor\codeigniter4\framework\system\Model.php(728): CodeIgniter\Database\BaseBuilder->get()
#5 D:\xampp\htdocs\tokobuku\app\Models\SaleModel.php(22): CodeIgniter\Model->__call('get', Array)
#6 D:\xampp\htdocs\tokobuku\app\Controllers\Penjualan.php(186): App\Models\SaleModel->getReport()
#7 D:\xampp\htdocs\tokobuku\vendor\codeigniter4\framework\system\CodeIgniter.php(825): App\Controllers\Penjualan->report()
#8 D:\xampp\htdocs\tokobuku\vendor\codeigniter4\framework\system\CodeIgniter.php(412): CodeIgniter\CodeIgniter->runController(Object(App\Controllers\Penjualan))
#9 D:\xampp\htdocs\tokobuku\vendor\codeigniter4\framework\system\CodeIgniter.php(320): CodeIgniter\CodeIgniter->handleRequest(NULL, Object(Config\Cache), false)
#10 D:\xampp\htdocs\tokobuku\public\index.php(37): CodeIgniter\CodeIgniter->run()
#11 D:\xampp\htdocs\tokobuku\vendor\codeigniter4\framework\system\Commands\Server\rewrite.php(43): require_once('D:\\xampp\\htdocs...')
#12 {main}
ERROR - 2022-02-07 20:37:22 --> Unknown column 'total_price' in 'field list'
CRITICAL - 2022-02-07 20:37:22 --> Unknown column 'total_price' in 'field list'
#0 D:\xampp\htdocs\tokobuku\vendor\codeigniter4\framework\system\Database\MySQLi\Connection.php(292): mysqli->query('SELECT SUM(tota...', 0)
#1 D:\xampp\htdocs\tokobuku\vendor\codeigniter4\framework\system\Database\BaseConnection.php(670): CodeIgniter\Database\MySQLi\Connection->execute('SELECT SUM(tota...')
#2 D:\xampp\htdocs\tokobuku\vendor\codeigniter4\framework\system\Database\BaseConnection.php(598): CodeIgniter\Database\BaseConnection->simpleQuery('SELECT SUM(tota...')
#3 D:\xampp\htdocs\tokobuku\vendor\codeigniter4\framework\system\Database\BaseBuilder.php(1455): CodeIgniter\Database\BaseConnection->query('SELECT SUM(tota...', Array, false)
#4 D:\xampp\htdocs\tokobuku\vendor\codeigniter4\framework\system\Model.php(728): CodeIgniter\Database\BaseBuilder->get()
#5 D:\xampp\htdocs\tokobuku\app\Models\SaleModel.php(22): CodeIgniter\Model->__call('get', Array)
#6 D:\xampp\htdocs\tokobuku\app\Controllers\Penjualan.php(186): App\Models\SaleModel->getReport()
#7 D:\xampp\htdocs\tokobuku\vendor\codeigniter4\framework\system\CodeIgniter.php(825): App\Controllers\Penjualan->report()
#8 D:\xampp\htdocs\tokobuku\vendor\codeigniter4\framework\system\CodeIgniter.php(412): CodeIgniter\CodeIgniter->runController(Object(App\Controllers\Penjualan))
#9 D:\xampp\htdocs\tokobuku\vendor\codeigniter4\framework\system\CodeIgniter.php(320): CodeIgniter\CodeIgniter->handleRequest(NULL, Object(Config\Cache), false)
#10 D:\xampp\htdocs\tokobuku\public\index.php(37): CodeIgniter\CodeIgniter->run()
#11 D:\xampp\htdocs\tokobuku\vendor\codeigniter4\framework\system\Commands\Server\rewrite.php(43): require_once('D:\\xampp\\htdocs...')
#12 {main}
CRITICAL - 2022-02-07 20:37:53 --> Undefined variable: subquery
#0 D:\xampp\htdocs\tokobuku\app\Models\SaleModel.php(17): CodeIgniter\Debug\Exceptions->errorHandler(8, 'Undefined varia...', 'D:\\xampp\\htdocs...', 17, Array)
#1 D:\xampp\htdocs\tokobuku\app\Controllers\Penjualan.php(186): App\Models\SaleModel->getReport()
#2 D:\xampp\htdocs\tokobuku\vendor\codeigniter4\framework\system\CodeIgniter.php(825): App\Controllers\Penjualan->report()
#3 D:\xampp\htdocs\tokobuku\vendor\codeigniter4\framework\system\CodeIgniter.php(412): CodeIgniter\CodeIgniter->runController(Object(App\Controllers\Penjualan))
#4 D:\xampp\htdocs\tokobuku\vendor\codeigniter4\framework\system\CodeIgniter.php(320): CodeIgniter\CodeIgniter->handleRequest(NULL, Object(Config\Cache), false)
#5 D:\xampp\htdocs\tokobuku\public\index.php(37): CodeIgniter\CodeIgniter->run()
#6 D:\xampp\htdocs\tokobuku\vendor\codeigniter4\framework\system\Commands\Server\rewrite.php(43): require_once('D:\\xampp\\htdocs...')
#7 {main}
ERROR - 2022-02-07 20:38:21 --> Unknown column 'total_price' in 'field list'
CRITICAL - 2022-02-07 20:38:21 --> Unknown column 'total_price' in 'field list'
#0 D:\xampp\htdocs\tokobuku\vendor\codeigniter4\framework\system\Database\MySQLi\Connection.php(292): mysqli->query('SELECT SUM(tota...', 0)
#1 D:\xampp\htdocs\tokobuku\vendor\codeigniter4\framework\system\Database\BaseConnection.php(670): CodeIgniter\Database\MySQLi\Connection->execute('SELECT SUM(tota...')
#2 D:\xampp\htdocs\tokobuku\vendor\codeigniter4\framework\system\Database\BaseConnection.php(598): CodeIgniter\Database\BaseConnection->simpleQuery('SELECT SUM(tota...')
#3 D:\xampp\htdocs\tokobuku\vendor\codeigniter4\framework\system\Database\BaseBuilder.php(1455): CodeIgniter\Database\BaseConnection->query('SELECT SUM(tota...', Array, false)
#4 D:\xampp\htdocs\tokobuku\vendor\codeigniter4\framework\system\Model.php(728): CodeIgniter\Database\BaseBuilder->get()
#5 D:\xampp\htdocs\tokobuku\app\Models\SaleModel.php(17): CodeIgniter\Model->__call('get', Array)
#6 D:\xampp\htdocs\tokobuku\app\Controllers\Penjualan.php(186): App\Models\SaleModel->getReport()
#7 D:\xampp\htdocs\tokobuku\vendor\codeigniter4\framework\system\CodeIgniter.php(825): App\Controllers\Penjualan->report()
#8 D:\xampp\htdocs\tokobuku\vendor\codeigniter4\framework\system\CodeIgniter.php(412): CodeIgniter\CodeIgniter->runController(Object(App\Controllers\Penjualan))
#9 D:\xampp\htdocs\tokobuku\vendor\codeigniter4\framework\system\CodeIgniter.php(320): CodeIgniter\CodeIgniter->handleRequest(NULL, Object(Config\Cache), false)
#10 D:\xampp\htdocs\tokobuku\public\index.php(37): CodeIgniter\CodeIgniter->run()
#11 D:\xampp\htdocs\tokobuku\vendor\codeigniter4\framework\system\Commands\Server\rewrite.php(43): require_once('D:\\xampp\\htdocs...')
#12 {main}
ERROR - 2022-02-07 20:38:29 --> Unknown column 'total_price' in 'field list'
CRITICAL - 2022-02-07 20:38:29 --> Unknown column 'total_price' in 'field list'
#0 D:\xampp\htdocs\tokobuku\vendor\codeigniter4\framework\system\Database\MySQLi\Connection.php(292): mysqli->query('SELECT SUM(tota...', 0)
#1 D:\xampp\htdocs\tokobuku\vendor\codeigniter4\framework\system\Database\BaseConnection.php(670): CodeIgniter\Database\MySQLi\Connection->execute('SELECT SUM(tota...')
#2 D:\xampp\htdocs\tokobuku\vendor\codeigniter4\framework\system\Database\BaseConnection.php(598): CodeIgniter\Database\BaseConnection->simpleQuery('SELECT SUM(tota...')
#3 D:\xampp\htdocs\tokobuku\vendor\codeigniter4\framework\system\Database\BaseBuilder.php(1455): CodeIgniter\Database\BaseConnection->query('SELECT SUM(tota...', Array, false)
#4 D:\xampp\htdocs\tokobuku\vendor\codeigniter4\framework\system\Model.php(728): CodeIgniter\Database\BaseBuilder->get()
#5 D:\xampp\htdocs\tokobuku\app\Models\SaleModel.php(17): CodeIgniter\Model->__call('get', Array)
#6 D:\xampp\htdocs\tokobuku\app\Controllers\Penjualan.php(186): App\Models\SaleModel->getReport()
#7 D:\xampp\htdocs\tokobuku\vendor\codeigniter4\framework\system\CodeIgniter.php(825): App\Controllers\Penjualan->report()
#8 D:\xampp\htdocs\tokobuku\vendor\codeigniter4\framework\system\CodeIgniter.php(412): CodeIgniter\CodeIgniter->runController(Object(App\Controllers\Penjualan))
#9 D:\xampp\htdocs\tokobuku\vendor\codeigniter4\framework\system\CodeIgniter.php(320): CodeIgniter\CodeIgniter->handleRequest(NULL, Object(Config\Cache), false)
#10 D:\xampp\htdocs\tokobuku\public\index.php(37): CodeIgniter\CodeIgniter->run()
#11 D:\xampp\htdocs\tokobuku\vendor\codeigniter4\framework\system\Commands\Server\rewrite.php(43): require_once('D:\\xampp\\htdocs...')
#12 {main}
ERROR - 2022-02-07 20:38:44 --> Unknown column 'total_price' in 'field list'
CRITICAL - 2022-02-07 20:38:44 --> Unknown column 'total_price' in 'field list'
#0 D:\xampp\htdocs\tokobuku\vendor\codeigniter4\framework\system\Database\MySQLi\Connection.php(292): mysqli->query('SELECT `total_p...', 0)
#1 D:\xampp\htdocs\tokobuku\vendor\codeigniter4\framework\system\Database\BaseConnection.php(670): CodeIgniter\Database\MySQLi\Connection->execute('SELECT `total_p...')
#2 D:\xampp\htdocs\tokobuku\vendor\codeigniter4\framework\system\Database\BaseConnection.php(598): CodeIgniter\Database\BaseConnection->simpleQuery('SELECT `total_p...')
#3 D:\xampp\htdocs\tokobuku\vendor\codeigniter4\framework\system\Database\BaseBuilder.php(1455): CodeIgniter\Database\BaseConnection->query('SELECT `total_p...', Array, false)
#4 D:\xampp\htdocs\tokobuku\vendor\codeigniter4\framework\system\Model.php(728): CodeIgniter\Database\BaseBuilder->get()
#5 D:\xampp\htdocs\tokobuku\app\Models\SaleModel.php(17): CodeIgniter\Model->__call('get', Array)
#6 D:\xampp\htdocs\tokobuku\app\Controllers\Penjualan.php(186): App\Models\SaleModel->getReport()
#7 D:\xampp\htdocs\tokobuku\vendor\codeigniter4\framework\system\CodeIgniter.php(825): App\Controllers\Penjualan->report()
#8 D:\xampp\htdocs\tokobuku\vendor\codeigniter4\framework\system\CodeIgniter.php(412): CodeIgniter\CodeIgniter->runController(Object(App\Controllers\Penjualan))
#9 D:\xampp\htdocs\tokobuku\vendor\codeigniter4\framework\system\CodeIgniter.php(320): CodeIgniter\CodeIgniter->handleRequest(NULL, Object(Config\Cache), false)
#10 D:\xampp\htdocs\tokobuku\public\index.php(37): CodeIgniter\CodeIgniter->run()
#11 D:\xampp\htdocs\tokobuku\vendor\codeigniter4\framework\system\Commands\Server\rewrite.php(43): require_once('D:\\xampp\\htdocs...')
#12 {main}
CRITICAL - 2022-02-07 20:41:50 --> Undefined variable: subQuery
#0 D:\xampp\htdocs\tokobuku\app\Models\SaleModel.php(19): CodeIgniter\Debug\Exceptions->errorHandler(8, 'Undefined varia...', 'D:\\xampp\\htdocs...', 19, Array)
#1 D:\xampp\htdocs\tokobuku\app\Controllers\Penjualan.php(186): App\Models\SaleModel->getReport()
#2 D:\xampp\htdocs\tokobuku\vendor\codeigniter4\framework\system\CodeIgniter.php(825): App\Controllers\Penjualan->report()
#3 D:\xampp\htdocs\tokobuku\vendor\codeigniter4\framework\system\CodeIgniter.php(412): CodeIgniter\CodeIgniter->runController(Object(App\Controllers\Penjualan))
#4 D:\xampp\htdocs\tokobuku\vendor\codeigniter4\framework\system\CodeIgniter.php(320): CodeIgniter\CodeIgniter->handleRequest(NULL, Object(Config\Cache), false)
#5 D:\xampp\htdocs\tokobuku\public\index.php(37): CodeIgniter\CodeIgniter->run()
#6 D:\xampp\htdocs\tokobuku\vendor\codeigniter4\framework\system\Commands\Server\rewrite.php(43): require_once('D:\\xampp\\htdocs...')
#7 {main}
CRITICAL - 2022-02-07 20:43:55 --> trim() expects parameter 1 to be string, array given
#0 [internal function]: CodeIgniter\Debug\Exceptions->errorHandler(2, 'trim() expects ...', 'D:\\xampp\\htdocs...', 375, Array)
#1 D:\xampp\htdocs\tokobuku\vendor\codeigniter4\framework\system\Database\BaseBuilder.php(375): trim(Array)
#2 D:\xampp\htdocs\tokobuku\vendor\codeigniter4\framework\system\Model.php(728): CodeIgniter\Database\BaseBuilder->select(Object(CodeIgniter\Database\MySQLi\Builder))
#3 D:\xampp\htdocs\tokobuku\app\Models\SaleModel.php(19): CodeIgniter\Model->__call('select', Array)
#4 D:\xampp\htdocs\tokobuku\app\Controllers\Penjualan.php(186): App\Models\SaleModel->getReport()
#5 D:\xampp\htdocs\tokobuku\vendor\codeigniter4\framework\system\CodeIgniter.php(825): App\Controllers\Penjualan->report()
#6 D:\xampp\htdocs\tokobuku\vendor\codeigniter4\framework\system\CodeIgniter.php(412): CodeIgniter\CodeIgniter->runController(Object(App\Controllers\Penjualan))
#7 D:\xampp\htdocs\tokobuku\vendor\codeigniter4\framework\system\CodeIgniter.php(320): CodeIgniter\CodeIgniter->handleRequest(NULL, Object(Config\Cache), false)
#8 D:\xampp\htdocs\tokobuku\public\index.php(37): CodeIgniter\CodeIgniter->run()
#9 D:\xampp\htdocs\tokobuku\vendor\codeigniter4\framework\system\Commands\Server\rewrite.php(43): require_once('D:\\xampp\\htdocs...')
#10 {main}
CRITICAL - 2022-02-07 20:44:11 --> trim() expects parameter 1 to be string, array given
#0 [internal function]: CodeIgniter\Debug\Exceptions->errorHandler(2, 'trim() expects ...', 'D:\\xampp\\htdocs...', 375, Array)
#1 D:\xampp\htdocs\tokobuku\vendor\codeigniter4\framework\system\Database\BaseBuilder.php(375): trim(Array)
#2 D:\xampp\htdocs\tokobuku\vendor\codeigniter4\framework\system\Model.php(728): CodeIgniter\Database\BaseBuilder->select(Array)
#3 D:\xampp\htdocs\tokobuku\app\Models\SaleModel.php(19): CodeIgniter\Model->__call('select', Array)
#4 D:\xampp\htdocs\tokobuku\app\Controllers\Penjualan.php(186): App\Models\SaleModel->getReport()
#5 D:\xampp\htdocs\tokobuku\vendor\codeigniter4\framework\system\CodeIgniter.php(825): App\Controllers\Penjualan->report()
#6 D:\xampp\htdocs\tokobuku\vendor\codeigniter4\framework\system\CodeIgniter.php(412): CodeIgniter\CodeIgniter->runController(Object(App\Controllers\Penjualan))
#7 D:\xampp\htdocs\tokobuku\vendor\codeigniter4\framework\system\CodeIgniter.php(320): CodeIgniter\CodeIgniter->handleRequest(NULL, Object(Config\Cache), false)
#8 D:\xampp\htdocs\tokobuku\public\index.php(37): CodeIgniter\CodeIgniter->run()
#9 D:\xampp\htdocs\tokobuku\vendor\codeigniter4\framework\system\Commands\Server\rewrite.php(43): require_once('D:\\xampp\\htdocs...')
#10 {main}
CRITICAL - 2022-02-07 20:47:09 --> Undefined index: total_price
#0 D:\xampp\htdocs\tokobuku\app\Views\penjualan\report.php(44): CodeIgniter\Debug\Exceptions->errorHandler(8, 'Undefined index...', 'D:\\xampp\\htdocs...', 44, Array)
#1 D:\xampp\htdocs\tokobuku\vendor\codeigniter4\framework\system\View\View.php(210): include('D:\\xampp\\htdocs...')
#2 D:\xampp\htdocs\tokobuku\vendor\codeigniter4\framework\system\View\View.php(213): CodeIgniter\View\View->CodeIgniter\View\{closure}()
#3 D:\xampp\htdocs\tokobuku\vendor\codeigniter4\framework\system\Common.php(1089): CodeIgniter\View\View->render('penjualan/repor...', Array, true)
#4 D:\xampp\htdocs\tokobuku\app\Controllers\Penjualan.php(192): view('penjualan/repor...', Array)
#5 D:\xampp\htdocs\tokobuku\vendor\codeigniter4\framework\system\CodeIgniter.php(825): App\Controllers\Penjualan->report()
#6 D:\xampp\htdocs\tokobuku\vendor\codeigniter4\framework\system\CodeIgniter.php(412): CodeIgniter\CodeIgniter->runController(Object(App\Controllers\Penjualan))
#7 D:\xampp\htdocs\tokobuku\vendor\codeigniter4\framework\system\CodeIgniter.php(320): CodeIgniter\CodeIgniter->handleRequest(NULL, Object(Config\Cache), false)
#8 D:\xampp\htdocs\tokobuku\public\index.php(37): CodeIgniter\CodeIgniter->run()
#9 D:\xampp\htdocs\tokobuku\vendor\codeigniter4\framework\system\Commands\Server\rewrite.php(43): require_once('D:\\xampp\\htdocs...')
#10 {main}
CRITICAL - 2022-02-07 20:47:51 --> Object of class stdClass could not be converted to string
#0 D:\xampp\htdocs\tokobuku\app\Models\SaleModel.php(19): CodeIgniter\Debug\Exceptions->errorHandler(4096, 'Object of class...', 'D:\\xampp\\htdocs...', 19, Array)
#1 D:\xampp\htdocs\tokobuku\app\Controllers\Penjualan.php(186): App\Models\SaleModel->getReport()
#2 D:\xampp\htdocs\tokobuku\vendor\codeigniter4\framework\system\CodeIgniter.php(825): App\Controllers\Penjualan->report()
#3 D:\xampp\htdocs\tokobuku\vendor\codeigniter4\framework\system\CodeIgniter.php(412): CodeIgniter\CodeIgniter->runController(Object(App\Controllers\Penjualan))
#4 D:\xampp\htdocs\tokobuku\vendor\codeigniter4\framework\system\CodeIgniter.php(320): CodeIgniter\CodeIgniter->handleRequest(NULL, Object(Config\Cache), false)
#5 D:\xampp\htdocs\tokobuku\public\index.php(37): CodeIgniter\CodeIgniter->run()
#6 D:\xampp\htdocs\tokobuku\vendor\codeigniter4\framework\system\Commands\Server\rewrite.php(43): require_once('D:\\xampp\\htdocs...')
#7 {main}
CRITICAL - 2022-02-07 20:47:58 --> Object of class stdClass could not be converted to string
#0 D:\xampp\htdocs\tokobuku\app\Models\SaleModel.php(19): CodeIgniter\Debug\Exceptions->errorHandler(4096, 'Object of class...', 'D:\\xampp\\htdocs...', 19, Array)
#1 D:\xampp\htdocs\tokobuku\app\Controllers\Penjualan.php(186): App\Models\SaleModel->getReport()
#2 D:\xampp\htdocs\tokobuku\vendor\codeigniter4\framework\system\CodeIgniter.php(825): App\Controllers\Penjualan->report()
#3 D:\xampp\htdocs\tokobuku\vendor\codeigniter4\framework\system\CodeIgniter.php(412): CodeIgniter\CodeIgniter->runController(Object(App\Controllers\Penjualan))
#4 D:\xampp\htdocs\tokobuku\vendor\codeigniter4\framework\system\CodeIgniter.php(320): CodeIgniter\CodeIgniter->handleRequest(NULL, Object(Config\Cache), false)
#5 D:\xampp\htdocs\tokobuku\public\index.php(37): CodeIgniter\CodeIgniter->run()
#6 D:\xampp\htdocs\tokobuku\vendor\codeigniter4\framework\system\Commands\Server\rewrite.php(43): require_once('D:\\xampp\\htdocs...')
#7 {main}
ERROR - 2022-02-07 21:11:22 --> Unknown column 'sale.sale_id' in 'field list'
CRITICAL - 2022-02-07 21:11:22 --> Unknown column 'sale.sale_id' in 'field list'
#0 D:\xampp\htdocs\tokobuku\vendor\codeigniter4\framework\system\Database\MySQLi\Connection.php(292): mysqli->query('SELECT `sale`.`...', 0)
#1 D:\xampp\htdocs\tokobuku\vendor\codeigniter4\framework\system\Database\BaseConnection.php(670): CodeIgniter\Database\MySQLi\Connection->execute('SELECT `sale`.`...')
#2 D:\xampp\htdocs\tokobuku\vendor\codeigniter4\framework\system\Database\BaseConnection.php(598): CodeIgniter\Database\BaseConnection->simpleQuery('SELECT `sale`.`...')
#3 D:\xampp\htdocs\tokobuku\vendor\codeigniter4\framework\system\Database\BaseBuilder.php(1455): CodeIgniter\Database\BaseConnection->query('SELECT `sale`.`...', Array, false)
#4 D:\xampp\htdocs\tokobuku\app\Models\SaleModel.php(22): CodeIgniter\Database\BaseBuilder->get()
#5 D:\xampp\htdocs\tokobuku\app\Controllers\Penjualan.php(186): App\Models\SaleModel->getReport()
#6 D:\xampp\htdocs\tokobuku\vendor\codeigniter4\framework\system\CodeIgniter.php(825): App\Controllers\Penjualan->report()
#7 D:\xampp\htdocs\tokobuku\vendor\codeigniter4\framework\system\CodeIgniter.php(412): CodeIgniter\CodeIgniter->runController(Object(App\Controllers\Penjualan))
#8 D:\xampp\htdocs\tokobuku\vendor\codeigniter4\framework\system\CodeIgniter.php(320): CodeIgniter\CodeIgniter->handleRequest(NULL, Object(Config\Cache), false)
#9 D:\xampp\htdocs\tokobuku\public\index.php(37): CodeIgniter\CodeIgniter->run()
#10 D:\xampp\htdocs\tokobuku\vendor\codeigniter4\framework\system\Commands\Server\rewrite.php(43): require_once('D:\\xampp\\htdocs...')
#11 {main}
ERROR - 2022-02-07 21:11:34 --> Unknown column 'sale.user_id' in 'on clause'
CRITICAL - 2022-02-07 21:11:34 --> Unknown column 'sale.user_id' in 'on clause'
#0 D:\xampp\htdocs\tokobuku\vendor\codeigniter4\framework\system\Database\MySQLi\Connection.php(292): mysqli->query('SELECT `s`.`sal...', 0)
#1 D:\xampp\htdocs\tokobuku\vendor\codeigniter4\framework\system\Database\BaseConnection.php(670): CodeIgniter\Database\MySQLi\Connection->execute('SELECT `s`.`sal...')
#2 D:\xampp\htdocs\tokobuku\vendor\codeigniter4\framework\system\Database\BaseConnection.php(598): CodeIgniter\Database\BaseConnection->simpleQuery('SELECT `s`.`sal...')
#3 D:\xampp\htdocs\tokobuku\vendor\codeigniter4\framework\system\Database\BaseBuilder.php(1455): CodeIgniter\Database\BaseConnection->query('SELECT `s`.`sal...', Array, false)
#4 D:\xampp\htdocs\tokobuku\app\Models\SaleModel.php(22): CodeIgniter\Database\BaseBuilder->get()
#5 D:\xampp\htdocs\tokobuku\app\Controllers\Penjualan.php(186): App\Models\SaleModel->getReport()
#6 D:\xampp\htdocs\tokobuku\vendor\codeigniter4\framework\system\CodeIgniter.php(825): App\Controllers\Penjualan->report()
#7 D:\xampp\htdocs\tokobuku\vendor\codeigniter4\framework\system\CodeIgniter.php(412): CodeIgniter\CodeIgniter->runController(Object(App\Controllers\Penjualan))
#8 D:\xampp\htdocs\tokobuku\vendor\codeigniter4\framework\system\CodeIgniter.php(320): CodeIgniter\CodeIgniter->handleRequest(NULL, Object(Config\Cache), false)
#9 D:\xampp\htdocs\tokobuku\public\index.php(37): CodeIgniter\CodeIgniter->run()
#10 D:\xampp\htdocs\tokobuku\vendor\codeigniter4\framework\system\Commands\Server\rewrite.php(43): require_once('D:\\xampp\\htdocs...')
#11 {main}
