CRITICAL - 2022-02-06 22:28:48 --> Undefined index: description
#0 D:\xampp\htdocs\tokobuku\app\Views\book\edit.php(31): CodeIgniter\Debug\Exceptions->errorHandler(8, 'Undefined index...', 'D:\\xampp\\htdocs...', 31, Array)
#1 D:\xampp\htdocs\tokobuku\vendor\codeigniter4\framework\system\View\View.php(210): include('D:\\xampp\\htdocs...')
#2 D:\xampp\htdocs\tokobuku\vendor\codeigniter4\framework\system\View\View.php(213): CodeIgniter\View\View->CodeIgniter\View\{closure}()
#3 D:\xampp\htdocs\tokobuku\vendor\codeigniter4\framework\system\Common.php(1089): CodeIgniter\View\View->render('book/edit', Array, true)
#4 D:\xampp\htdocs\tokobuku\app\Controllers\Book.php(214): view('book/edit', Array)
#5 D:\xampp\htdocs\tokobuku\vendor\codeigniter4\framework\system\CodeIgniter.php(825): App\Controllers\Book->edit('mencari-cahaya')
#6 D:\xampp\htdocs\tokobuku\vendor\codeigniter4\framework\system\CodeIgniter.php(412): CodeIgniter\CodeIgniter->runController(Object(App\Controllers\Book))
#7 D:\xampp\htdocs\tokobuku\vendor\codeigniter4\framework\system\CodeIgniter.php(320): CodeIgniter\CodeIgniter->handleRequest(NULL, Object(Config\Cache), false)
#8 D:\xampp\htdocs\tokobuku\public\index.php(37): CodeIgniter\CodeIgniter->run()
#9 D:\xampp\htdocs\tokobuku\vendor\codeigniter4\framework\system\Commands\Server\rewrite.php(43): require_once('D:\\xampp\\htdocs...')
#10 {main}
CRITICAL - 2022-02-06 22:29:29 --> Undefined index: pages
#0 D:\xampp\htdocs\tokobuku\app\Views\book\edit.php(45): CodeIgniter\Debug\Exceptions->errorHandler(8, 'Undefined index...', 'D:\\xampp\\htdocs...', 45, Array)
#1 D:\xampp\htdocs\tokobuku\vendor\codeigniter4\framework\system\View\View.php(210): include('D:\\xampp\\htdocs...')
#2 D:\xampp\htdocs\tokobuku\vendor\codeigniter4\framework\system\View\View.php(213): CodeIgniter\View\View->CodeIgniter\View\{closure}()
#3 D:\xampp\htdocs\tokobuku\vendor\codeigniter4\framework\system\Common.php(1089): CodeIgniter\View\View->render('book/edit', Array, true)
#4 D:\xampp\htdocs\tokobuku\app\Controllers\Book.php(214): view('book/edit', Array)
#5 D:\xampp\htdocs\tokobuku\vendor\codeigniter4\framework\system\CodeIgniter.php(825): App\Controllers\Book->edit('mencari-cahaya')
#6 D:\xampp\htdocs\tokobuku\vendor\codeigniter4\framework\system\CodeIgniter.php(412): CodeIgniter\CodeIgniter->runController(Object(App\Controllers\Book))
#7 D:\xampp\htdocs\tokobuku\vendor\codeigniter4\framework\system\CodeIgniter.php(320): CodeIgniter\CodeIgniter->handleRequest(NULL, Object(Config\Cache), false)
#8 D:\xampp\htdocs\tokobuku\public\index.php(37): CodeIgniter\CodeIgniter->run()
#9 D:\xampp\htdocs\tokobuku\vendor\codeigniter4\framework\system\Commands\Server\rewrite.php(43): require_once('D:\\xampp\\htdocs...')
#10 {main}
CRITICAL - 2022-02-06 23:55:07 --> Call to a member function getSizeByUnit() on null
#0 D:\xampp\htdocs\tokobuku\vendor\codeigniter4\framework\system\CodeIgniter.php(825): App\Controllers\Book->save()
#1 D:\xampp\htdocs\tokobuku\vendor\codeigniter4\framework\system\CodeIgniter.php(412): CodeIgniter\CodeIgniter->runController(Object(App\Controllers\Book))
#2 D:\xampp\htdocs\tokobuku\vendor\codeigniter4\framework\system\CodeIgniter.php(320): CodeIgniter\CodeIgniter->handleRequest(NULL, Object(Config\Cache), false)
#3 D:\xampp\htdocs\tokobuku\public\index.php(37): CodeIgniter\CodeIgniter->run()
#4 D:\xampp\htdocs\tokobuku\vendor\codeigniter4\framework\system\Commands\Server\rewrite.php(43): require_once('D:\\xampp\\htdocs...')
#5 {main}
CRITICAL - 2022-02-06 23:55:55 --> Call to a member function getSizeByUnit() on null
#0 D:\xampp\htdocs\tokobuku\vendor\codeigniter4\framework\system\CodeIgniter.php(825): App\Controllers\Book->save()
#1 D:\xampp\htdocs\tokobuku\vendor\codeigniter4\framework\system\CodeIgniter.php(412): CodeIgniter\CodeIgniter->runController(Object(App\Controllers\Book))
#2 D:\xampp\htdocs\tokobuku\vendor\codeigniter4\framework\system\CodeIgniter.php(320): CodeIgniter\CodeIgniter->handleRequest(NULL, Object(Config\Cache), false)
#3 D:\xampp\htdocs\tokobuku\public\index.php(37): CodeIgniter\CodeIgniter->run()
#4 D:\xampp\htdocs\tokobuku\vendor\codeigniter4\framework\system\Commands\Server\rewrite.php(43): require_once('D:\\xampp\\htdocs...')
#5 {main}
CRITICAL - 2022-02-06 23:57:02 --> unlink(img/1644213394_924dac0766672ce0e9f9.jpg): No such file or directory
#0 [internal function]: CodeIgniter\Debug\Exceptions->errorHandler(2, 'unlink(img/1644...', 'D:\\xampp\\htdocs...', 190, Array)
#1 D:\xampp\htdocs\tokobuku\app\Controllers\Book.php(190): unlink('img/1644213394_...')
#2 D:\xampp\htdocs\tokobuku\vendor\codeigniter4\framework\system\CodeIgniter.php(825): App\Controllers\Book->delete('7')
#3 D:\xampp\htdocs\tokobuku\vendor\codeigniter4\framework\system\CodeIgniter.php(412): CodeIgniter\CodeIgniter->runController(Object(App\Controllers\Book))
#4 D:\xampp\htdocs\tokobuku\vendor\codeigniter4\framework\system\CodeIgniter.php(320): CodeIgniter\CodeIgniter->handleRequest(NULL, Object(Config\Cache), false)
#5 D:\xampp\htdocs\tokobuku\public\index.php(37): CodeIgniter\CodeIgniter->run()
#6 D:\xampp\htdocs\tokobuku\vendor\codeigniter4\framework\system\Commands\Server\rewrite.php(43): require_once('D:\\xampp\\htdocs...')
#7 {main}
