CRITICAL - 2022-01-21 09:00:44 --> The original file is not a valid file.
#0 D:\xampp\htdocs\tokobuku\vendor\codeigniter4\framework\system\HTTP\Files\UploadedFile.php(137): CodeIgniter\HTTP\Exceptions\HTTPException::forInvalidFile()
#1 D:\xampp\htdocs\tokobuku\app\Controllers\Book.php(121): CodeIgniter\HTTP\Files\UploadedFile->move('img/', '1642777244_0c44...')
#2 D:\xampp\htdocs\tokobuku\vendor\codeigniter4\framework\system\CodeIgniter.php(825): App\Controllers\Book->save()
#3 D:\xampp\htdocs\tokobuku\vendor\codeigniter4\framework\system\CodeIgniter.php(412): CodeIgniter\CodeIgniter->runController(Object(App\Controllers\Book))
#4 D:\xampp\htdocs\tokobuku\vendor\codeigniter4\framework\system\CodeIgniter.php(320): CodeIgniter\CodeIgniter->handleRequest(NULL, Object(Config\Cache), false)
#5 D:\xampp\htdocs\tokobuku\public\index.php(37): CodeIgniter\CodeIgniter->run()
#6 D:\xampp\htdocs\tokobuku\vendor\codeigniter4\framework\system\Commands\Server\rewrite.php(43): require_once('D:\\xampp\\htdocs...')
#7 {main}
CRITICAL - 2022-01-21 09:27:25 --> syntax error, unexpected '?>'
#0 D:\xampp\htdocs\tokobuku\vendor\codeigniter4\framework\system\View\View.php(213): CodeIgniter\View\View->CodeIgniter\View\{closure}()
#1 D:\xampp\htdocs\tokobuku\vendor\codeigniter4\framework\system\Common.php(1089): CodeIgniter\View\View->render('book/edit', Array, true)
#2 D:\xampp\htdocs\tokobuku\app\Controllers\Book.php(173): view('book/edit', Array)
#3 D:\xampp\htdocs\tokobuku\vendor\codeigniter4\framework\system\CodeIgniter.php(825): App\Controllers\Book->edit('mencari-cahaya')
#4 D:\xampp\htdocs\tokobuku\vendor\codeigniter4\framework\system\CodeIgniter.php(412): CodeIgniter\CodeIgniter->runController(Object(App\Controllers\Book))
#5 D:\xampp\htdocs\tokobuku\vendor\codeigniter4\framework\system\CodeIgniter.php(320): CodeIgniter\CodeIgniter->handleRequest(NULL, Object(Config\Cache), false)
#6 D:\xampp\htdocs\tokobuku\public\index.php(37): CodeIgniter\CodeIgniter->run()
#7 D:\xampp\htdocs\tokobuku\vendor\codeigniter4\framework\system\Commands\Server\rewrite.php(43): require_once('D:\\xampp\\htdocs...')
#8 {main}
CRITICAL - 2022-01-21 09:27:54 --> Undefined index: sampul
#0 D:\xampp\htdocs\tokobuku\app\Views\book\edit.php(84): CodeIgniter\Debug\Exceptions->errorHandler(8, 'Undefined index...', 'D:\\xampp\\htdocs...', 84, Array)
#1 D:\xampp\htdocs\tokobuku\vendor\codeigniter4\framework\system\View\View.php(210): include('D:\\xampp\\htdocs...')
#2 D:\xampp\htdocs\tokobuku\vendor\codeigniter4\framework\system\View\View.php(213): CodeIgniter\View\View->CodeIgniter\View\{closure}()
#3 D:\xampp\htdocs\tokobuku\vendor\codeigniter4\framework\system\Common.php(1089): CodeIgniter\View\View->render('book/edit', Array, true)
#4 D:\xampp\htdocs\tokobuku\app\Controllers\Book.php(173): view('book/edit', Array)
#5 D:\xampp\htdocs\tokobuku\vendor\codeigniter4\framework\system\CodeIgniter.php(825): App\Controllers\Book->edit('mencari-cahaya')
#6 D:\xampp\htdocs\tokobuku\vendor\codeigniter4\framework\system\CodeIgniter.php(412): CodeIgniter\CodeIgniter->runController(Object(App\Controllers\Book))
#7 D:\xampp\htdocs\tokobuku\vendor\codeigniter4\framework\system\CodeIgniter.php(320): CodeIgniter\CodeIgniter->handleRequest(NULL, Object(Config\Cache), false)
#8 D:\xampp\htdocs\tokobuku\public\index.php(37): CodeIgniter\CodeIgniter->run()
#9 D:\xampp\htdocs\tokobuku\vendor\codeigniter4\framework\system\Commands\Server\rewrite.php(43): require_once('D:\\xampp\\htdocs...')
#10 {main}
